<?xml version="1.0" encoding="utf-8"?><testsuites name="pytest tests"><testsuite name="pytest" errors="0" failures="0" skipped="8" tests="677" time="323.810" timestamp="2026-09-10T16:43:46.629883+08:00" hostname="DESKTOP-8RNE6N6"><testcase classname="tests.dataset.test_group_splits" name="test_group_train_validation_is_deterministic_and_disjoint" time="0.009" /><testcase classname="tests.dataset.test_native_public" name="test_native_series_union_preserves_sparse_feature_masks" time="0.001" /><testcase classname="tests.dataset.test_native_public" name="test_lazy_dataset_reuses_lineage_checked_disk_cache" time="0.027" /><testcase classname="tests.dataset.test_native_public" name="test_cogpilot_builder_keeps_native_stream_densities" time="0.029" /><testcase classname="tests.dataset.test_native_public" name="test_cogpilot_builder_skips_runs_with_missing_streams" time="0.006" /><testcase classname="tests.dataset.test_native_public" name="test_clare_windows_start_at_recording_timestamp_without_interpolation" time="0.011" /><testcase classname="tests.dataset.test_native_public" name="test_cogpilot_resistance_conversion_masks_nonphysical_values" time="0.000" /><testcase classname="tests.dataset.test_native_public" name="test_cogpilot_event_response_uses_conductance_median_delta" time="0.020" /><testcase classname="tests.dataset.test_v4_native_windows" name="test_all_cogpilot_windows_events_reuse_record_tables_and_preserve_native_points" time="0.026" /><testcase classname="tests.dataset.test_v4_native_windows" name="test_clare_preserves_all_ten_second_labels_and_fractional_scores" time="0.011" /><testcase classname="tests.evaluation.application_tasks.test_application_consumer_representations" name="test_application_context_export_is_aligned_and_resumable" time="0.462" /><testcase classname="tests.evaluation.application_tasks.test_application_consumer_representations" name="test_application_context_batched_encoding_matches_single_call" time="0.004" /><testcase classname="tests.evaluation.application_tasks.test_application_consumer_runtime" name="test_method_consumer_runtime_resumes_and_rebuilds_prediction" time="1.938" /><testcase classname="tests.evaluation.application_tasks.test_application_consumers" name="test_linear_consumer_uses_fixed_pooled_state_models" time="0.003" /><testcase classname="tests.evaluation.application_tasks.test_application_consumers" name="test_linear_consumer_selects_only_from_fixed_validation_grid" time="0.010" /><testcase classname="tests.evaluation.application_tasks.test_application_consumers" name="test_minirocket_uses_channel_first_transform_and_fixed_consumers" time="0.006" /><testcase classname="tests.evaluation.application_tasks.test_application_consumers" name="test_minirocket_train_only_variance_filter_removes_constant_channels" time="0.006" /><testcase classname="tests.evaluation.application_tasks.test_application_consumers" name="test_causal_tcn_future_perturbation_does_not_change_past_logits" time="0.003" /><testcase classname="tests.evaluation.application_tasks.test_application_consumers" name="test_tcn_training_and_viterbi_use_train_labels_only" time="0.038" /><testcase classname="tests.evaluation.application_tasks.test_application_consumers" name="test_batched_viterbi_matches_independent_single_sequence_decode" time="0.010" /><testcase classname="tests.evaluation.application_tasks.test_application_consumers" name="test_tcn_uses_validation_loss_for_early_stopping" time="0.008" /><testcase classname="tests.evaluation.application_tasks.test_application_consumers" name="test_tcn_can_train_on_gpu_and_returns_portable_cpu_model" time="3.160" /><testcase classname="tests.evaluation.application_tasks.test_application_consumers" name="test_tcn_training_is_seed_reproducible_with_dropout" time="0.010" /><testcase classname="tests.evaluation.application_tasks.test_application_finetuning" name="test_end_to_end_finetuning_declares_labels_and_resumes" time="0.793" /><testcase classname="tests.evaluation.application_tasks.test_application_metrics" name="test_perfect_segmentation_scores_have_fixed_boundaries_and_zero_delay" time="0.002" /><testcase classname="tests.evaluation.application_tasks.test_application_metrics" name="test_fusion_gain_normalizes_higher_and_lower_metrics" time="0.001" /><testcase classname="tests.evaluation.application_tasks.test_application_metrics" name="test_paired_statistics_use_trajectory_units_and_are_seed_reproducible" time="0.001" /><testcase classname="tests.evaluation.application_tasks.test_application_metrics_fixed_classes" name="test_macro_f1_keeps_absent_validation_class_in_fixed_label_set" time="0.002" /><testcase classname="tests.evaluation.application_tasks.test_application_targets" name="test_stress_targets_reuse_frozen_clean_thresholds_without_train_role" time="0.005" /><testcase classname="tests.evaluation.application_tasks.test_application_targets" name="test_guided_development_guard_never_admits_confirmation_or_supervised_sources" time="0.005" /><testcase classname="tests.evaluation.application_tasks.test_application_task_heads" name="test_partial_fields_use_valid_sample_means_and_equal_tasks" time="0.020" /><testcase classname="tests.evaluation.application_tasks.test_application_task_heads" name="test_custom_task_heads_train_export_and_reject_changed_label_sources" time="0.161" /><testcase classname="tests.evaluation.application_tasks.test_application_task_heads" name="test_task_reduction_across_accumulation_matches_a_whole_batch" time="0.002" /><testcase classname="tests.evaluation.application_tasks.test_common_downstream_contract" name="test_shared_contract_fits_independent_models_and_window_only_features" time="0.209" /><testcase classname="tests.evaluation.application_tasks.test_common_downstream_contract" name="test_contract_rejects_changes_before_fitting[target]" time="0.034" /><testcase classname="tests.evaluation.application_tasks.test_common_downstream_contract" name="test_contract_rejects_changes_before_fitting[observation]" time="0.034" /><testcase classname="tests.evaluation.application_tasks.test_common_downstream_contract" name="test_contract_rejects_changes_before_fitting[order]" time="0.034" /><testcase classname="tests.evaluation.application_tasks.test_common_downstream_contract" name="test_contract_rejects_changes_before_fitting[cutoff]" time="0.034" /><testcase classname="tests.evaluation.application_tasks.test_common_downstream_contract" name="test_contract_rejects_changes_before_fitting[source]" time="0.034" /><testcase classname="tests.evaluation.application_tasks.test_common_downstream_contract" name="test_contract_rejects_changes_before_fitting[fit]" time="0.034" /><testcase classname="tests.evaluation.application_tasks.test_common_downstream_contract" name="test_contract_rejects_changes_before_fitting[prediction]" time="0.032" /><testcase classname="tests.evaluation.application_tasks.test_common_downstream_contract" name="test_contract_rejects_changes_before_fitting[supervision]" time="0.032" /><testcase classname="tests.evaluation.application_tasks.test_common_downstream_contract" name="test_contract_rejects_changes_before_fitting[checkpoint]" time="0.033" /><testcase classname="tests.evaluation.application_tasks.test_common_downstream_contract" name="test_contract_rejects_changes_before_fitting[checkpoint_pca]" time="0.034" /><testcase classname="tests.evaluation.application_tasks.test_common_downstream_contract" name="test_contract_rejects_changes_before_fitting[checkpoint_data]" time="0.034" /><testcase classname="tests.evaluation.application_tasks.test_common_downstream_contract" name="test_contract_rejects_changes_before_fitting[policy]" time="0.032" /><testcase classname="tests.evaluation.application_tasks.test_common_downstream_contract" name="test_future_trajectory_supervision_has_a_separate_stratum" time="0.020" /><testcase classname="tests.evaluation.application_tasks.test_common_downstream_contract" name="test_different_summary_training_tasks_cannot_share_a_comparison_key" time="0.115" /><testcase classname="tests.evaluation.application_tasks.test_contexts_and_splits" name="test_context_counts_match_locked_fixed_data_shape" time="0.025" /><testcase classname="tests.evaluation.application_tasks.test_contexts_and_splits" name="test_outer_folds_keep_train_and_test_contexts_disjoint" time="0.025" /><testcase classname="tests.evaluation.application_tasks.test_core_feasibility" name="test_outer_roles_fail_closed_and_are_audited" time="0.000" /><testcase classname="tests.evaluation.application_tasks.test_core_feasibility" name="test_support_audit_detects_overlap_and_accepts_isolation" time="0.001" /><testcase classname="tests.evaluation.application_tasks.test_core_feasibility" name="test_full_support_purge_removes_overlap_and_outer_identifiers" time="0.001" /><testcase classname="tests.evaluation.application_tasks.test_core_feasibility" name="test_gate_aggregation_uses_one_candidate_across_folds" time="0.014" /><testcase classname="tests.evaluation.application_tasks.test_core_feasibility" name="test_summary_features_are_deterministic_and_history_sensitive" time="0.001" /><testcase classname="tests.evaluation.application_tasks.test_core_feasibility" name="test_linear_upper_bound_head_is_deterministic" time="0.027" /><testcase classname="tests.evaluation.application_tasks.test_core_feasibility" name="test_label_source_fields_remain_excluded_from_maneuver_input" time="0.006" /><testcase classname="tests.evaluation.application_tasks.test_core_feasibility" name="test_candidate_budget_and_safe_gate_initialization_are_locked" time="0.000" /><testcase classname="tests.evaluation.application_tasks.test_core_feasibility" name="test_safe_gate_records_zero_initialization_and_frozen_experts" time="0.008" /><testcase classname="tests.evaluation.application_tasks.test_dingxin_consumers" name="test_dingxin_task_consumers_fit_response_subset_and_predict_all" time="0.103" /><testcase classname="tests.evaluation.application_tasks.test_dingxin_consumers" name="test_dingxin_method_consumer_resume_keeps_metrics_and_predictions" time="0.073" /><testcase classname="tests.evaluation.application_tasks.test_dingxin_consumers" name="test_dingxin_formal_consumer_selects_validation_grid_and_marks_formal" time="0.062" /><testcase classname="tests.evaluation.application_tasks.test_dingxin_consumers" name="test_dingxin_main_summary_uses_view_folds_not_windows" time="0.002" /><testcase classname="tests.evaluation.application_tasks.test_dingxin_context_binding" name="test_lazy_context_index_rejects_partial_window_and_excludes_label_source" time="0.011" /><testcase classname="tests.evaluation.application_tasks.test_dingxin_context_binding" name="test_target_binding_uses_archive_hash_and_input_availability" time="0.009" /><testcase classname="tests.evaluation.application_tasks.test_dingxin_inner_splits" name="test_inner_splits_use_sortie_group_or_temporal_overlap_embargo" time="0.020" /><testcase classname="tests.evaluation.application_tasks.test_dingxin_inner_splits" name="test_task_coverage_uses_split_roles_without_changing_targets" time="0.011" /><testcase classname="tests.evaluation.application_tasks.test_dingxin_pretraining_aggregate" name="test_five_fold_aggregate_accepts_complete_method_role_matrix" time="0.001" /><testcase classname="tests.evaluation.application_tasks.test_dingxin_pretraining_aggregate" name="test_five_fold_aggregate_rejects_bad_checkpoint_fit_hash" time="0.001" /><testcase classname="tests.evaluation.application_tasks.test_dingxin_selected_screen" name="test_guarded_cached_provider_reuses_allowed_and_rejects_outer_test" time="0.000" /><testcase classname="tests.evaluation.application_tasks.test_dingxin_target_archive" name="test_raw_median_targets_are_train_only_and_mark_incomplete_future" time="0.017" /><testcase classname="tests.evaluation.application_tasks.test_dingxin_target_archive" name="test_target_archives_are_pickle_free_and_resumable" time="0.022" /><testcase classname="tests.evaluation.application_tasks.test_export_pooling" name="test_all_export_paths_share_masked_pooling[cpu]" time="0.020" /><testcase classname="tests.evaluation.application_tasks.test_export_pooling" name="test_all_export_paths_share_masked_pooling[cuda]" time="0.235" /><testcase classname="tests.evaluation.application_tasks.test_field_roles" name="test_maneuver_fields_require_resolved_own_aircraft_semantics" time="0.003" /><testcase classname="tests.evaluation.application_tasks.test_field_roles" name="test_unresolved_vehicle_fields_never_become_label_sources" time="0.003" /><testcase classname="tests.evaluation.application_tasks.test_fixed_data_snapshot" name="test_snapshot_writes_shared_vehicle_file_and_resumes" time="0.008" /><testcase classname="tests.evaluation.application_tasks.test_fold_labels" name="test_fold_label_thresholds_are_fitted_without_test_context_values" time="0.042" /><testcase classname="tests.evaluation.application_tasks.test_fold_labels" name="test_fold_labels_record_both_application_tasks_and_split_roles" time="0.033" /><testcase classname="tests.evaluation.application_tasks.test_fold_labels" name="test_zero_iqr_maneuver_semantics_are_excluded_from_fold_scalers" time="0.035" /><testcase classname="tests.evaluation.application_tasks.test_pretraining_smoke_data" name="test_pretraining_smoke_selects_one_trajectory_per_distinct_profile" time="0.001" /><testcase classname="tests.evaluation.application_tasks.test_pretraining_smoke_data" name="test_pretraining_smoke_rejects_locked_test_paths" time="0.000" /><testcase classname="tests.evaluation.application_tasks.test_pretraining_smoke_downstream" name="test_workload_truth_guard_requires_all_five_completed_methods" time="0.002" /><testcase classname="tests.evaluation.application_tasks.test_pretraining_smoke_downstream" name="test_guarded_targets_open_only_workload_after_checkpoint_completion" time="0.008" /><testcase classname="tests.evaluation.application_tasks.test_pretraining_smoke_downstream" name="test_fixed_linear_consumers_share_protocol_and_emit_smoke_metrics" time="0.011" /><testcase classname="tests.evaluation.application_tasks.test_residual_activation" name="test_candidate_grid_is_bounded_and_contains_teacher_assisted_paths" time="0.000" /><testcase classname="tests.evaluation.application_tasks.test_residual_activation" name="test_fixed_gate_activates_small_random_residual_without_leaving_bound" time="0.017" /><testcase classname="tests.evaluation.application_tasks.test_residual_activation" name="test_conditional_gate_uses_sample_features_and_stays_bounded" time="0.001" /><testcase classname="tests.evaluation.application_tasks.test_residual_activation" name="test_task_checkpoint_composition_keeps_one_model_with_independent_heads" time="0.001" /><testcase classname="tests.evaluation.application_tasks.test_residual_activation" name="test_selective_teacher_targets_use_only_train_prediction_shapes" time="0.001" /><testcase classname="tests.evaluation.application_tasks.test_residual_activation" name="test_aggregate_requires_activation_safety_and_two_task_improvement" time="0.084" /><testcase classname="tests.evaluation.application_tasks.test_simulation_audit" name="test_simulation_smoke_audit_writes_compact_evidence" time="1.671" /><testcase classname="tests.evaluation.application_tasks.test_simulation_chronaris_ablation" name="test_full_ablation_metric_delta_normalizes_metric_direction" time="0.002" /><testcase classname="tests.evaluation.application_tasks.test_simulation_chronaris_ablation" name="test_full_ablation_metric_delta_accepts_formal_status_schema" time="0.001" /><testcase classname="tests.evaluation.application_tasks.test_simulation_locked_pretraining" name="test_locked_schedule_follows_objective_configuration_from_first_epoch" time="0.000" /><testcase classname="tests.evaluation.application_tasks.test_simulation_mechanism" name="test_mechanism_targets_are_representation_gated_and_use_locked_oracle_field" time="0.003" /><testcase classname="tests.evaluation.application_tasks.test_simulation_mechanism" name="test_mechanism_evaluation_uses_trajectory_as_metric_unit" time="0.001" /><testcase classname="tests.evaluation.application_tasks.test_simulation_stress_metrics" name="test_stress_metadata_and_direction_normalized_slopes" time="0.001" /><testcase classname="tests.evaluation.application_tasks.test_snapshot_io" name="test_raw_point_snapshot_is_deterministic_and_round_trips" time="0.002" /><testcase classname="tests.evaluation.application_tasks.test_snapshot_plan" name="test_fixed_snapshot_plan_matches_committed_feature_export_contract" time="0.554" /><testcase classname="tests.evaluation.application_tasks.test_target_reconstruction" name="test_time_like_vehicle_channels_are_fail_closed" time="0.001" /><testcase classname="tests.evaluation.application_tasks.test_target_reconstruction" name="test_phase_residualization_removes_train_fitted_polynomial" time="0.002" /><testcase classname="tests.evaluation.application_tasks.test_target_reconstruction" name="test_eeg_descriptors_ignore_dc_offset" time="0.006" /><testcase classname="tests.evaluation.application_tasks.test_target_reconstruction" name="test_maneuver_trend_and_weighted_median_contracts" time="0.000" /><testcase classname="tests.evaluation.application_tasks.test_target_reconstruction" name="test_allowance_requires_every_preregistered_gate" time="0.000" /><testcase classname="tests.evaluation.application_tasks.test_target_reconstruction" name="test_sealed_outer_lineage_binds_ids_without_loading_samples" time="0.023" /><testcase classname="tests.evaluation.application_tasks.test_target_reconstruction" name="test_high_response_primary_metric_is_not_duplicated_as_an_extra" time="0.001" /><testcase classname="tests.evaluation.application_tasks.test_task_aware_safe_residual" name="test_zero_residual_projection_exactly_preserves_task_anchors" time="0.002" /><testcase classname="tests.evaluation.application_tasks.test_task_aware_safe_residual" name="test_sequence_summary_respects_non_contiguous_valid_mask" time="0.001" /><testcase classname="tests.evaluation.application_tasks.test_task_aware_safe_residual" name="test_safe_gate_uses_all_three_preregistered_tolerances" time="0.000" /><testcase classname="tests.evaluation.application_tasks.test_task_aware_safe_residual" name="test_metric_alignment_is_by_split_identity" time="0.011" /><testcase classname="tests.evaluation.application_tasks.test_task_aware_safe_residual" name="test_candidate_budget_and_access_contract_are_bounded" time="0.000" /><testcase classname="tests.evaluation.application_tasks.test_task_aware_safe_residual" name="test_partial_unfreeze_scope_is_fail_closed" time="0.001" /><testcase classname="tests.evaluation.application_tasks.test_task_aware_safe_residual" name="test_preserved_elapsed_keeps_completed_runtime" time="0.001" /><testcase classname="tests.evaluation.application_tasks.test_task_guided_updates" name="test_head_warmup_and_joint_updates_resume_without_confirmation_labels[cpu]" time="0.962" /><testcase classname="tests.evaluation.application_tasks.test_task_guided_updates" name="test_head_warmup_and_joint_updates_resume_without_confirmation_labels[cuda]" time="2.437" /><testcase classname="tests.evaluation.application_tasks.test_task_stability" name="test_missing_class_fixed_macro_ceiling_is_two_thirds" time="0.001" /><testcase classname="tests.evaluation.application_tasks.test_task_stability" name="test_complete_three_class_split_has_unit_ceiling" time="0.001" /><testcase classname="tests.evaluation.application_tasks.test_task_stability" name="test_35_second_support_embargo_is_measured_after_full_support" time="0.002" /><testcase classname="tests.evaluation.application_tasks.test_task_stability" name="test_shared_vehicle_time_block_cannot_cross_roles" time="0.001" /><testcase classname="tests.evaluation.application_tasks.test_task_stability" name="test_duplicate_validation_support_gets_zero_weight" time="0.001" /><testcase classname="tests.evaluation.application_tasks.test_task_stability" name="test_response_skill_and_normalized_ap_formulas" time="0.003" /><testcase classname="tests.evaluation.application_tasks.test_task_stability" name="test_outer_test_access_fails_closed" time="0.001" /><testcase classname="tests.evaluation.application_tasks.test_task_stability" name="test_label_source_and_deterministic_derivative_exclusion" time="0.003" /><testcase classname="tests.evaluation.application_tasks.test_task_stability" name="test_diagnostic_candidate_resume_is_deterministic" time="0.002" /><testcase classname="tests.evaluation.application_tasks.test_task_stability" name="test_allowance_decision_supports_response_near_miss_path" time="0.001" /><testcase classname="tests.evaluation.application_tasks.test_thesis_candidate_screen_metrics" name="test_candidate_screen_audit_selects_only_candidate_passing_both_gates" time="0.005" /><testcase classname="tests.evaluation.application_tasks.test_thesis_case_evidence" name="test_input_activity_score_uses_only_observed_vehicle_changes" time="0.001" /><testcase classname="tests.evaluation.application_tasks.test_thesis_final_reporting" name="test_outer_gain_and_group_bootstrap_use_positive_chronaris_direction" time="0.223" /><testcase classname="tests.evaluation.application_tasks.test_thesis_native_data" name="test_frozen_native_selection_is_label_independent_where_required" time="0.001" /><testcase classname="tests.evaluation.application_tasks.test_thesis_native_data" name="test_middle_dual_stream_selection_skips_invalid_central_window" time="0.000" /><testcase classname="tests.evaluation.application_tasks.test_thesis_outer_training" name="test_frozen_outer_training_reuses_one_canonical_loop" time="1.593" /><testcase classname="tests.evaluation.application_tasks.test_thesis_outer_training" name="test_native_outer_freeze_and_provider_reject_protocol_drift" time="0.001" /><testcase classname="tests.evaluation.application_tasks.test_thesis_runtime" name="test_runtime_timing_summary_uses_batch_throughput" time="0.001" /><testcase classname="tests.evaluation.application_tasks.test_thesis_simulation_gates" name="test_bypass_gate_requires_every_seed_and_keeps_failure" time="0.009" /><testcase classname="tests.evaluation.application_tasks.test_thesis_simulation_gates" name="test_bypass_gate_fails_closed_on_incomplete_evidence[missing]" time="0.004" /><testcase classname="tests.evaluation.application_tasks.test_thesis_simulation_gates" name="test_bypass_gate_fails_closed_on_incomplete_evidence[duplicate]" time="0.003" /><testcase classname="tests.evaluation.application_tasks.test_thesis_simulation_gates" name="test_bypass_gate_fails_closed_on_incomplete_evidence[seed]" time="0.003" /><testcase classname="tests.evaluation.application_tasks.test_thesis_simulation_gates" name="test_bypass_gate_fails_closed_on_incomplete_evidence[consumer]" time="0.003" /><testcase classname="tests.evaluation.application_tasks.test_thesis_simulation_gates" name="test_bypass_gate_fails_closed_on_incomplete_evidence[nan]" time="0.027" /><testcase classname="tests.evaluation.application_tasks.test_thesis_simulation_gates" name="test_bypass_gate_fails_closed_on_incomplete_evidence[unavailable]" time="0.004" /><testcase classname="tests.evaluation.application_tasks.test_thesis_simulation_gates" name="test_bypass_zero_baseline_requires_zero_error" time="0.008" /><testcase classname="tests.evaluation.application_tasks.test_thesis_simulation_gates" name="test_bypass_accepts_exact_frozen_boundaries" time="0.005" /><testcase classname="tests.evaluation.application_tasks.test_thesis_simulation_gates" name="test_continuous_gate_requires_two_seed_positive_recovery" time="0.020" /><testcase classname="tests.evaluation.application_tasks.test_thesis_simulation_gates" name="test_physical_gate_uses_available_translation_or_vertical_residual" time="0.002" /><testcase classname="tests.evaluation.application_tasks.test_thesis_simulation_resume" name="test_resume_reuses_frozen_stages_and_detects_changed_artifact" time="0.123" /><testcase classname="tests.evaluation.application_tasks.test_thesis_simulation_resume" name="test_resume_refuses_seed_subset_before_loading_data" time="0.001" /><testcase classname="tests.evaluation.application_tasks.test_v4_adoption" name="test_adoption_requires_replicated_gain_clean_guards_and_each_seed_tail" time="0.006" /><testcase classname="tests.evaluation.application_tasks.test_v4_adoption" name="test_adoption_regression_threshold_zero_reference_and_complete_evidence" time="0.005" /><testcase classname="tests.evaluation.application_tasks.test_v4_adoption" name="test_combined_decisions_wait_without_partial_recommendations" time="0.000" /><testcase classname="tests.evaluation.application_tasks.test_v4_adoption" name="test_combined_decisions_cover_ten_method_routes_with_same_selection" time="0.013" /><testcase classname="tests.evaluation.application_tasks.test_v4_candidate_results" name="test_screen_waits_for_every_candidate_and_pressure_before_advancing" time="0.021" /><testcase classname="tests.evaluation.application_tasks.test_v4_candidate_results" name="test_screen_recomputes_scores_and_rejects_roles_or_modified_evidence" time="0.014" /><testcase classname="tests.evaluation.application_tasks.test_v4_candidate_results" name="test_failed_units_are_terminal_and_never_silently_excluded[clean-reference]" time="0.037" /><testcase classname="tests.evaluation.application_tasks.test_v4_candidate_results" name="test_failed_units_are_terminal_and_never_silently_excluded[clean-capacity64]" time="0.008" /><testcase classname="tests.evaluation.application_tasks.test_v4_candidate_results" name="test_failed_units_are_terminal_and_never_silently_excluded[pressure-reference]" time="0.015" /><testcase classname="tests.evaluation.application_tasks.test_v4_candidate_results" name="test_failed_units_are_terminal_and_never_silently_excluded[pressure-capacity64]" time="0.014" /><testcase classname="tests.evaluation.application_tasks.test_v4_candidate_results" name="test_pressure_queue_failure_is_distinct_from_other_route_failure" time="0.011" /><testcase classname="tests.evaluation.application_tasks.test_v4_candidate_results" name="test_review_scores_use_seed_and_actual_early_stop_budget" time="0.009" /><testcase classname="tests.evaluation.application_tasks.test_v4_candidate_results" name="test_supervised_budget_counts_warmup_separately" time="0.001" /><testcase classname="tests.evaluation.application_tasks.test_v4_candidates" name="test_cohort_has_nine_single_changes_and_baseline_common_opportunities" time="0.001" /><testcase classname="tests.evaluation.application_tasks.test_v4_conditional_review" name="test_trigger_requires_two_independent_seeds_for_the_same_state_and_gap" time="0.012" /><testcase classname="tests.evaluation.application_tasks.test_v4_conditional_review" name="test_conditional_plan_is_bounded_and_preserves_parent_results" time="0.011" /><testcase classname="tests.evaluation.application_tasks.test_v4_configuration_freeze" name="test_freeze_binds_validation_data_and_decisions_without_overwriting" time="0.155" /><testcase classname="tests.evaluation.application_tasks.test_v4_configuration_freeze" name="test_freeze_waits_for_remaining_scientific_work_and_rejects_cpu_validation" time="0.026" /><testcase classname="tests.evaluation.application_tasks.test_v4_confirmation_chain" name="test_confirmation_compatibility_entry_reuses_the_single_pipeline" time="0.001" /><testcase classname="tests.evaluation.application_tasks.test_v4_confirmation_training" name="test_native_confirmation_trains_both_routes_without_opening_outer_samples" time="1.134" /><testcase classname="tests.evaluation.application_tasks.test_v4_core_ablations" name="test_core_ablation_plan_removes_one_component_and_skips_absent_objectives" time="0.015" /><testcase classname="tests.evaluation.application_tasks.test_v4_core_ablations" name="test_core_options_survive_real_pretraining_and_guidance[no_physics_residual-17]" time="0.991" /><testcase classname="tests.evaluation.application_tasks.test_v4_core_ablations" name="test_core_options_survive_real_pretraining_and_guidance[no_explicit_shift-29]" time="1.019" /><testcase classname="tests.evaluation.application_tasks.test_v4_core_ablations" name="test_core_options_survive_real_pretraining_and_guidance[no_continuous_evolution-43]" time="0.852" /><testcase classname="tests.evaluation.application_tasks.test_v4_development_chain" name="test_development_compatibility_entry_reuses_the_single_pipeline" time="0.001" /><testcase classname="tests.evaluation.application_tasks.test_v4_development_conditions" name="test_development_missingness_is_paired_deterministic_and_covers_each_context" time="0.015" /><testcase classname="tests.evaluation.application_tasks.test_v4_diagnostic_figures" name="test_initial_stage_scope_and_missing_statistics_are_explicit" time="0.017" /><testcase classname="tests.evaluation.application_tasks.test_v4_diagnostic_run" name="test_learning_curve_runs_real_trainers_exports_and_all_consumers_without_confirmation[cpu-None]" time="3.025" /><testcase classname="tests.evaluation.application_tasks.test_v4_diagnostic_run" name="test_learning_curve_runs_real_trainers_exports_and_all_consumers_without_confirmation[cuda-None]" time="2.623" /><testcase classname="tests.evaluation.application_tasks.test_v4_diagnostic_run" name="test_learning_curve_runs_real_trainers_exports_and_all_consumers_without_confirmation[cpu-quality_gate]" time="13.753" /><testcase classname="tests.evaluation.application_tasks.test_v4_diagnostic_run" name="test_native_diagnostic_cpu_contract_runs_shared_training_and_grouped_consumers" time="2.148" /><testcase classname="tests.evaluation.application_tasks.test_v4_dingxin_data" name="test_dingxin_inner_roles_keep_shared_views_and_entire_target_support_together" time="0.007" /><testcase classname="tests.evaluation.application_tasks.test_v4_dingxin_data" name="test_outer_consumers_refit_complete_sortie_without_reusing_encoder_targets" time="0.232" /><testcase classname="tests.evaluation.application_tasks.test_v4_dingxin_data" name="test_vehicle_content_audit_catches_cross_sortie_duplicates_and_blocks_formal_evaluation" time="0.006" /><testcase classname="tests.evaluation.application_tasks.test_v4_dingxin_deduplicated" name="test_retained_record_keeps_views_purges_supports_and_fits_only_allowed_targets" time="0.097" /><testcase classname="tests.evaluation.application_tasks.test_v4_encoding_diagnostics" name="test_full_validation_diagnostics_keep_empty_contexts_unavailable_and_anchor_predictions[cpu]" time="0.030" /><testcase classname="tests.evaluation.application_tasks.test_v4_encoding_diagnostics" name="test_full_validation_diagnostics_keep_empty_contexts_unavailable_and_anchor_predictions[cuda]" time="0.174" /><testcase classname="tests.evaluation.application_tasks.test_v4_final_evidence" name="test_clock_sign_and_response_delay_remain_distinct_and_all_errors_are_kept" time="0.002" /><testcase classname="tests.evaluation.application_tasks.test_v4_final_evidence" name="test_report_retains_failed_protection_and_renders_chinese_task_labels" time="0.306" /><testcase classname="tests.evaluation.application_tasks.test_v4_final_evidence" name="test_timing_pipeline_fits_only_training_features_and_resumes_all_routes" time="2.353" /><testcase classname="tests.evaluation.application_tasks.test_v4_grouped_consumers" name="test_weighted_fit_matches_deduplicated_views_and_group_scores_ignore_window_counts" time="0.005" /><testcase classname="tests.evaluation.application_tasks.test_v4_grouped_consumers" name="test_public_consumer_fitting_ignores_held_out_values_and_labels[linear]" time="0.036" /><testcase classname="tests.evaluation.application_tasks.test_v4_grouped_consumers" name="test_public_consumer_fitting_ignores_held_out_values_and_labels[minirocket]" time="0.054" /><testcase classname="tests.evaluation.application_tasks.test_v4_grouped_consumers" name="test_partial_fields_zero_observations_grouped_scores_and_frozen_reuse[linear]" time="0.025" /><testcase classname="tests.evaluation.application_tasks.test_v4_grouped_consumers" name="test_partial_fields_zero_observations_grouped_scores_and_frozen_reuse[minirocket]" time="0.036" /><testcase classname="tests.evaluation.application_tasks.test_v4_grouped_consumers" name="test_tail_keeps_missing_baselines_and_rejects_nonfinite_predictions" time="0.001" /><testcase classname="tests.evaluation.application_tasks.test_v4_grouped_consumers" name="test_dingxin_uses_fixed_parameters_view_weights_and_vehicle_aggregation" time="0.007" /><testcase classname="tests.evaluation.application_tasks.test_v4_grouped_consumers" name="test_consumer_artifacts_resume_and_reject_mutated_targets" time="0.108" /><testcase classname="tests.evaluation.application_tasks.test_v4_grouped_consumers" name="test_result_audit_replays_frozen_models_and_rejects_changed_values" time="0.089" /><testcase classname="tests.evaluation.application_tasks.test_v4_grouped_consumers" name="test_native_resume_rejects_changed_saved_files_before_rewriting" time="0.084" /><testcase classname="tests.evaluation.application_tasks.test_v4_grouped_statistics" name="test_public_bootstrap_averages_seeds_within_subject_and_rejects_incomplete_pairs" time="0.011" /><testcase classname="tests.evaluation.application_tasks.test_v4_grouped_statistics" name="test_profile_sufficient_statistics_match_full_repeated_window_resampling[macro_f1]" time="2.229" /><testcase classname="tests.evaluation.application_tasks.test_v4_grouped_statistics" name="test_profile_sufficient_statistics_match_full_repeated_window_resampling[rmse]" time="0.029" /><testcase classname="tests.evaluation.application_tasks.test_v4_grouped_statistics" name="test_profile_sufficient_statistics_match_full_repeated_window_resampling[frame_macro_f1]" time="3.364" /><testcase classname="tests.evaluation.application_tasks.test_v4_grouped_statistics" name="test_profile_sufficient_statistics_match_full_repeated_window_resampling[segmental_f1_iou_0.50]" time="3.134" /><testcase classname="tests.evaluation.application_tasks.test_v4_grouped_statistics" name="test_profile_sufficient_statistics_match_full_repeated_window_resampling[boundary_f1_1s]" time="3.242" /><testcase classname="tests.evaluation.application_tasks.test_v4_grouped_statistics" name="test_profile_sufficient_statistics_match_full_repeated_window_resampling[boundary_detection_delay_s]" time="3.110" /><testcase classname="tests.evaluation.application_tasks.test_v4_grouped_statistics" name="test_missing_delay_support_is_reported_without_dropping_resamples_or_windows" time="0.001" /><testcase classname="tests.evaluation.application_tasks.test_v4_grouped_statistics" name="test_repeated_training_seeds_do_not_inflate_profile_sample_size" time="0.001" /><testcase classname="tests.evaluation.application_tasks.test_v4_native_confirmation_cohort" name="test_native_matrix_preserves_routes_and_counts_blocked_sorties" time="0.001" /><testcase classname="tests.evaluation.application_tasks.test_v4_native_confirmation_cohort" name="test_native_queue_uses_one_child_per_unit_and_resumes_gpu_wait" time="0.005" /><testcase classname="tests.evaluation.application_tasks.test_v4_native_frozen_evaluation" name="test_completed_native_encoders_export_outer_roles_and_refit_consumers[clare]" time="1.276" /><testcase classname="tests.evaluation.application_tasks.test_v4_native_frozen_evaluation" name="test_completed_native_encoders_export_outer_roles_and_refit_consumers[dingxin]" time="2.970" /><testcase classname="tests.evaluation.application_tasks.test_v4_pipeline" name="test_single_entry_retries_only_gpu_wait_resumes_and_preserves_failure" time="0.078" /><testcase classname="tests.evaluation.application_tasks.test_v4_pipeline" name="test_initial_matrix_covers_baseline_objectives_without_untriggered_decay" time="0.013" /><testcase classname="tests.evaluation.application_tasks.test_v4_pipeline" name="test_initial_pressure_failure_and_explicit_worker_retry[error0]" time="0.013" /><testcase classname="tests.evaluation.application_tasks.test_v4_pipeline" name="test_initial_pressure_failure_and_explicit_worker_retry[error1]" time="0.009" /><testcase classname="tests.evaluation.application_tasks.test_v4_pipeline" name="test_core_evaluation_forwards_the_new_confirmation_directory" time="0.002" /><testcase classname="tests.evaluation.application_tasks.test_v4_public_results" name="test_domain_balancing_and_seed_ranking_use_complete_fixed_tasks" time="0.002" /><testcase classname="tests.evaluation.application_tasks.test_v4_public_results" name="test_public_result_reader_does_not_rank_before_a_selected_plan_exists" time="0.001" /><testcase classname="tests.evaluation.application_tasks.test_v4_public_results" name="test_domain_weight_is_not_the_number_of_tasks" time="0.001" /><testcase classname="tests.evaluation.application_tasks.test_v4_public_results" name="test_public_reader_replays_a_completed_unit_and_waits_for_the_other_domain" time="0.207" /><testcase classname="tests.evaluation.application_tasks.test_v4_public_review_results" name="test_public_review_averages_subjects_not_folds_and_requires_complete_pairs" time="0.001" /><testcase classname="tests.evaluation.application_tasks.test_v4_public_review_results" name="test_public_review_reader_preserves_fold_seed_routes_and_shared_update_counts" time="0.008" /><testcase classname="tests.evaluation.application_tasks.test_v4_public_roles" name="test_public_subject_folds_exclude_development_from_confirmation" time="0.017" /><testcase classname="tests.evaluation.application_tasks.test_v4_public_roles" name="test_development_only_fold_is_explicit_and_registry_preserves_it" time="0.002" /><testcase classname="tests.evaluation.application_tasks.test_v4_public_roles" name="test_prepared_public_cache_cannot_cross_subject_roles_or_overwrite_them" time="0.002" /><testcase classname="tests.evaluation.application_tasks.test_v4_public_screen" name="test_public_plan_merges_routes_and_keeps_reference_without_extra_candidate_search" time="0.086" /><testcase classname="tests.evaluation.application_tasks.test_v4_public_screen" name="test_public_plan_rejects_confirmatory_or_excess_selection" time="0.025" /><testcase classname="tests.evaluation.application_tasks.test_v4_public_screen" name="test_selected_common_objective_is_also_offered_to_every_baseline" time="0.014" /><testcase classname="tests.evaluation.application_tasks.test_v4_review_plan" name="test_review_merges_initialization_and_runs_each_fold_seed_once" time="0.189" /><testcase classname="tests.evaluation.application_tasks.test_v4_review_plan" name="test_review_waits_and_rejects_incomplete_or_confirmatory_rankings" time="0.045" /><testcase classname="tests.evaluation.application_tasks.test_v4_review_pressure" name="test_pressure_queue_is_serial_resumable_and_keeps_failures" time="0.074" /><testcase classname="tests.evaluation.application_tasks.test_v4_review_pressure" name="test_pressure_queue_replays_interrupted_unit_and_waits_for_clean_consumers" time="0.033" /><testcase classname="tests.evaluation.application_tasks.test_v4_simulation_confirmation" name="test_all_selected_seeds_and_routes_must_finish_before_confirmation_generation" time="1.516" /><testcase classname="tests.evaluation.application_tasks.test_v4_simulation_confirmation" name="test_simulation_queue_reuses_native_executor_and_separates_gpu_evaluation" time="0.038" /><testcase classname="tests.evaluation.application_tasks.test_v4_simulation_confirmation" name="test_actual_g2_context_loading_keeps_identity_and_native_whole_modality_masks" time="0.148" /><testcase classname="tests.evaluation.application_tasks.test_v4_simulation_confirmation_evaluation" name="test_shared_simulation_training_and_all_pressure_consumers_keep_confirmation_isolated" time="3.871" /><testcase classname="tests.evaluation.application_tasks.test_v4_simulation_extension" name="test_extension_requires_complete_paired_matrix_and_the_predeclared_loss_improvements" time="0.005" /><testcase classname="tests.evaluation.application_tasks.test_v4_simulation_review_results" name="test_simulation_review_separates_clean_pressure_and_failed_seeds" time="0.004" /><testcase classname="tests.evaluation.application_tasks.test_v4_simulation_review_results" name="test_review_pressure_tail_rejects_another_seed_or_changed_artifact" time="0.034" /><testcase classname="tests.evaluation.application_tasks.test_v4_smoke_roles" name="test_engineering_subset_crops_partial_targets_and_rejects_unused_subject_windows" time="0.012" /><testcase classname="tests.evaluation.application_tasks.test_v4_smoke_roles" name="test_public_confirmation_input_provider_and_training_targets_exclude_outer_holdout" time="0.002" /><testcase classname="tests.evaluation.dingxin.test_component_ablation.StageIPrivateComponentAblationTest" name="test_private_component_ablation_writes_summary_and_table" time="1.126" /><testcase classname="tests.evaluation.dingxin.test_contrastive_retrieval.StageIContrastiveRetrievalTest" name="test_candidate_policy_requires_same_sortie_cross_pilot_positive" time="0.001" /><testcase classname="tests.evaluation.dingxin.test_contrastive_retrieval.StageIContrastiveRetrievalTest" name="test_hard_negative_sampler_respects_same_sortie_cross_pilot_policy" time="0.001" /><testcase classname="tests.evaluation.dingxin.test_contrastive_retrieval.StageIContrastiveRetrievalTest" name="test_info_nce_loss_is_finite" time="0.001" /><testcase classname="tests.evaluation.dingxin.test_contrastive_retrieval.StageIContrastiveRetrievalTest" name="test_retrieval_metrics_and_positive_index_mapping" time="0.001" /><testcase classname="tests.evaluation.dingxin.test_leakage_safe_ablation.StageILeakageAuditTest" name="test_deterministic_label_feature_fails" time="0.001" /><testcase classname="tests.evaluation.dingxin.test_leakage_safe_ablation.StageILeakageAuditTest" name="test_direct_label_source_overlap_fails" time="0.001" /><testcase classname="tests.evaluation.dingxin.test_leakage_safe_ablation.StageILeakageAuditTest" name="test_t2_target_window_feature_fails" time="0.001" /><testcase classname="tests.evaluation.dingxin.test_leakage_safe_ablation.StageILeakageAuditTest" name="test_t3_temporal_identity_feature_fails" time="0.001" /><testcase classname="tests.evaluation.dingxin.test_leakage_safe_ablation.StageILeakageSafeAblationTest" name="test_leakage_safe_ablation_writes_smoke_outputs_and_aggregates_seeds" time="2.934" /><testcase classname="tests.evaluation.dingxin.test_leakage_safe_ablation.StageILeakageSafeAblationTest" name="test_same_seed_reproduces_summary_rows" time="3.450" /><testcase classname="tests.evaluation.dingxin.test_leakage_safe_ablation.StageILeakageSafeAblationTest" name="test_t3_distribution_compaction_retains_positive_pairs" time="0.016" /><testcase classname="tests.evaluation.dingxin.test_optimization.StageIPrivateOptimizationTest" name="test_custom_target_variant_name_replaces_g_min_conclusion_keys" time="1.444" /><testcase classname="tests.evaluation.dingxin.test_optimization.StageIPrivateOptimizationTest" name="test_optimized_candidate_generates_frames_without_label_residuals" time="0.297" /><testcase classname="tests.evaluation.dingxin.test_optimization.StageIPrivateOptimizationTest" name="test_optimized_private_benchmark_supports_target_variant" time="1.246" /><testcase classname="tests.evaluation.dingxin.test_optimization.StageIPrivateOptimizationTest" name="test_private_benchmark_deep_models_support_cuda_runtime" time="0.867" /><testcase classname="tests.evaluation.dingxin.test_representation_compatibility" name="test_compatibility_requires_historical_maneuver_fields" time="0.008" /><testcase classname="tests.evaluation.dingxin.test_simple_downstream_protocol" name="test_fold_targets_use_90_views_and_60_independent_vehicle_contexts" time="0.092" /><testcase classname="tests.evaluation.dingxin.test_simple_downstream_protocol" name="test_fixed_consumers_fit_once_and_aggregate_shared_vehicle_contexts" time="0.105" /><testcase classname="tests.evaluation.dingxin.test_simple_downstream_protocol" name="test_explicit_inner_fitting_excludes_validation_and_preserves_all_views" time="0.224" /><testcase classname="tests.evaluation.dingxin.test_simple_downstream_protocol" name="test_maneuver_targets_are_bitwise_stable_under_semantic_row_permutations" time="0.378" /><testcase classname="tests.evaluation.dingxin.test_simple_downstream_reporting" name="test_augment_ratios_uses_skill_definition" time="0.002" /><testcase classname="tests.evaluation.dingxin.test_simple_downstream_reporting" name="test_summary_recomputation_matches_published_shape" time="0.033" /><testcase classname="tests.evaluation.dingxin.test_simple_downstream_reporting" name="test_primary_result_table_keeps_all_reader_methods" time="0.019" /><testcase classname="tests.evaluation.dingxin.test_task_heads_v2.StageITaskHeadsV2Test" name="test_t1_class_balanced_focal_loss_is_finite" time="0.001" /><testcase classname="tests.evaluation.dingxin.test_task_heads_v2.StageITaskHeadsV2Test" name="test_t1_vehicle_auxiliary_head_shape_and_gate_summary" time="0.001" /><testcase classname="tests.evaluation.dingxin.test_task_heads_v2.StageITaskHeadsV2Test" name="test_t2_residual_head_decomposes_prediction" time="0.006" /><testcase classname="tests.evaluation.dingxin.test_task_heads_v2.StageITaskHeadsV2Test" name="test_target_transform_uses_supplied_train_targets_only" time="0.001" /><testcase classname="tests.evaluation.dingxin.test_thirdparty_comparison.StageIPrivateThirdPartyComparisonTest" name="test_improvement_delta_direction_uses_metric_direction" time="0.002" /><testcase classname="tests.evaluation.dingxin.test_thirdparty_comparison.StageIPrivateThirdPartyComparisonTest" name="test_private_thirdparty_smoke_writes_real_vehicle_schema_and_outputs" time="2.421" /><testcase classname="tests.evaluation.public_datasets.test_fusion_ablation.StageIPublicFusionAblationTest" name="test_ablation_delta_direction_handles_rmse_and_macro_f1" time="0.004" /><testcase classname="tests.evaluation.public_datasets.test_fusion_ablation.StageIPublicFusionAblationTest" name="test_default_variant_manifest_contains_required_ablation_ids" time="0.001" /><testcase classname="tests.evaluation.public_datasets.test_fusion_ablation.StageIPublicFusionAblationTest" name="test_public_ablation_smoke_writes_context_proxy_evidence" time="8.482" /><testcase classname="tests.evaluation.public_datasets.test_fusion_refresh.StageIPublicFusionRefreshTest" name="test_candidate_grid_records_required_refresh_dimensions" time="0.001" /><testcase classname="tests.evaluation.public_datasets.test_fusion_refresh.StageIPublicFusionRefreshTest" name="test_refresh_runs_screen_and_confirm_on_synthetic_assets" time="2.932" /><testcase classname="tests.evaluation.public_datasets.test_model_comparison.StageIPublicModelComparisonTest" name="test_builder_writes_midterm_comparison_contract" time="0.782" /><testcase classname="tests.evaluation.public_datasets.test_opt.StageIPublicOptTest" name="test_heat_prior_residual_guarded_falls_back_when_inner_cv_does_not_improve" time="0.013" /><testcase classname="tests.evaluation.public_datasets.test_opt.StageIPublicOptTest" name="test_nasa_public_opt_predictions_preserve_combined_subject_loso_split_groups" time="0.185" /><testcase classname="tests.evaluation.public_datasets.test_opt.StageIPublicOptTest" name="test_nasa_public_opt_rejects_prepared_assets_without_leakage_guard" time="0.092" /><testcase classname="tests.evaluation.public_datasets.test_opt.StageIPublicOptTest" name="test_public_mainline_can_promote_new_prior_summary_from_extra_uab_sources" time="0.013" /><testcase classname="tests.evaluation.public_datasets.test_opt.StageIPublicOptTest" name="test_public_mainline_prefers_best_uab_source_and_tie_breaks_by_mae" time="0.013" /><testcase classname="tests.evaluation.public_datasets.test_opt.StageIPublicOptTest" name="test_public_opt_classification_fallback_keeps_predictions_and_metrics_finite" time="0.168" /><testcase classname="tests.evaluation.public_datasets.test_opt.StageIPublicOptTest" name="test_public_opt_feature_frame_filters_to_primary_nasa_attention_sequences" time="0.108" /><testcase classname="tests.evaluation.public_datasets.test_opt.StageIPublicOptTest" name="test_public_opt_feature_frame_filters_to_primary_subjective_uab_windows" time="0.182" /><testcase classname="tests.evaluation.public_datasets.test_opt.StageIPublicOptTest" name="test_public_opt_predictions_preserve_subject_loso_split_groups" time="1.273" /><testcase classname="tests.evaluation.public_datasets.test_opt.StageIPublicOptTest" name="test_public_opt_prior_heads_use_only_outer_train_labels" time="0.008" /><testcase classname="tests.evaluation.public_datasets.test_opt.StageIPublicOptTest" name="test_public_opt_regression_fallback_keeps_predictions_and_metrics_finite" time="0.243" /><testcase classname="tests.evaluation.public_datasets.test_opt.StageIPublicOptTest" name="test_public_opt_script_auto_routes_nasa_to_sklearn_backend" time="0.001" /><testcase classname="tests.evaluation.public_datasets.test_opt.StageIPublicOptTest" name="test_public_opt_script_auto_routes_uab_to_torch_backend" time="0.001" /><testcase classname="tests.evaluation.public_datasets.test_opt.StageIPublicOptTest" name="test_public_opt_script_rejects_uab_hybrid_without_cpu_heavy_override" time="0.001" /><testcase classname="tests.evaluation.public_datasets.test_opt.StageIPublicOptTest" name="test_public_opt_script_supports_sklearn_uab_hybrid_catalog" time="0.001" /><testcase classname="tests.evaluation.public_datasets.test_opt.StageIPublicOptTest" name="test_public_opt_supports_feature_profile_and_ensemble_policy" time="0.239" /><testcase classname="tests.evaluation.public_datasets.test_opt.StageIPublicOptTest" name="test_public_opt_torch_heat_specialist_runs_heat_only_with_finite_metrics" time="0.242" /><testcase classname="tests.evaluation.public_datasets.test_opt.StageIPublicOptTest" name="test_public_opt_torch_uab_auto_device_falls_back_to_cpu" time="0.318" /><testcase classname="tests.evaluation.public_datasets.test_opt.StageIPublicOptTest" name="test_public_opt_torch_uab_require_cuda_fails_before_training_on_cpu" time="0.157" /><testcase classname="tests.evaluation.public_datasets.test_opt.StageIPublicOptTest" name="test_public_opt_torch_uab_runs_on_cuda_with_finite_predictions" time="0.357" /><testcase classname="tests.evaluation.public_datasets.test_opt.StageIPublicOptTest" name="test_run_task_eval_public_opt_uab_hybrid_splits_heads_by_task" time="1.063" /><testcase classname="tests.evaluation.public_datasets.test_opt.StageIPublicOptTest" name="test_run_task_eval_public_opt_writes_expected_nasa_artifacts" time="0.218" /><testcase classname="tests.evaluation.public_datasets.test_opt.StageIPublicOptTest" name="test_run_task_eval_public_opt_writes_expected_uab_artifacts" time="1.158" /><testcase classname="tests.evaluation.public_datasets.test_opt.StageIPublicOptTest" name="test_task_eval_metric_plots_fallback_to_ascii_safe_labels" time="0.085" /><testcase classname="tests.evaluation.public_datasets.test_opt.StageIPublicOptTest" name="test_torch_uab_heat_specialist_shortlist_preserves_mae_and_blend_winners" time="0.003" /><testcase classname="tests.evaluation.public_datasets.test_opt_aggregation.StageIPublicOptAggregationTest" name="test_session_mean_broadcast_makes_each_head_constant_within_session" time="1.099" /><testcase classname="tests.evaluation.public_datasets.test_opt_aggregation.StageIPublicOptAggregationTest" name="test_session_median_broadcast_keeps_metrics_finite" time="1.188" /><testcase classname="tests.evaluation.public_datasets.test_opt_aggregation.StageIPublicOptAggregationTest" name="test_torch_session_mean_broadcast_makes_selected_predictions_constant_within_session" time="0.286" /><testcase classname="tests.evaluation.public_datasets.test_opt_aggregation.StageIPublicOptAggregationTest" name="test_torch_session_pooled_supervision_runs_with_physiology_only_profile" time="0.354" /><testcase classname="tests.evaluation.public_datasets.test_pipeline.StageIContractCompatibilityTest" name="test_load_legacy_session_entries_backfills_window_fields" time="0.002" /><testcase classname="tests.evaluation.public_datasets.test_pipeline.StageIUABLiveDatasetTest" name="test_live_session_manifest_counts_and_known_labels" time="3.847" /><testcase classname="tests.evaluation.public_datasets.test_pipeline.StageINASALiveDatasetTest" name="test_live_nasa_manifest_covers_benchmark_and_loft" time="45.871" /><testcase classname="tests.evaluation.public_datasets.test_pipeline.StageISyntheticPipelineTest" name="test_compose_phase3_closure_rebuilds_local_baseline_reports" time="1.394" /><testcase classname="tests.evaluation.public_datasets.test_pipeline.StageISyntheticPipelineTest" name="test_nasa_attention_pipeline_filters_background_and_keeps_subject_loso" time="0.722" /><testcase classname="tests.evaluation.public_datasets.test_pipeline.StageISyntheticPipelineTest" name="test_phase3_orchestration_writes_summary_and_reports" time="1.276" /><testcase classname="tests.evaluation.public_datasets.test_pipeline.StageISyntheticPipelineTest" name="test_uab_window_pipeline_and_ablations" time="0.643" /><testcase classname="tests.evaluation.public_datasets.test_stream_role_fusion.StreamRoleFusionTest" name="test_deep_factory_threads_private_stream_metadata" time="0.004" /><testcase classname="tests.evaluation.public_datasets.test_stream_role_fusion.StreamRoleFusionTest" name="test_private_real_vehicle_uses_causal_lagged_route" time="0.012" /><testcase classname="tests.evaluation.public_datasets.test_stream_role_fusion.StreamRoleFusionTest" name="test_public_context_proxy_is_not_real_vehicle" time="0.001" /><testcase classname="tests.evaluation.public_datasets.test_stream_role_fusion.StreamRoleFusionTest" name="test_public_p35_variants_are_selectable" time="0.001" /><testcase classname="tests.evaluation.public_datasets.test_stream_role_fusion.StreamRoleFusionTest" name="test_public_variants_run" time="0.004" /><testcase classname="tests.evaluation.public_datasets.test_transfer_boundary.StageIPublicTransferBoundaryTest" name="test_public_adapter_calibration_and_transfer_boundary_write_outputs" time="0.007" /><testcase classname="tests.evaluation.test_representation_geometry" name="test_effective_rank_is_full_for_isotropic_and_one_for_rank_collapse" time="0.018" /><testcase classname="tests.evaluation.test_representation_geometry" name="test_geometry_rows_round_trip" time="0.001" /><testcase classname="tests.evidence.test_case_study.StageICaseStudyPipelineTest" name="test_case_study_loader_and_pipeline" time="0.051" /><testcase classname="tests.evidence.test_case_study.StageICaseStudyPipelineTest" name="test_case_study_pipeline_supports_cuda_runtime" time="0.045" /><testcase classname="tests.evidence.test_case_study.StageIRuntimeDemoTest" name="test_runtime_demo_summarizes_feature_export_case_assets" time="0.009" /><testcase classname="tests.evidence.test_case_study.StageIRuntimeDemoTest" name="test_runtime_demo_summarizes_optimized_package" time="0.010" /><testcase classname="tests.evidence.test_case_study.StageIAnchorPipelineTest" name="test_anchor_pipeline_exports_ranked_windows_and_report" time="0.040" /><testcase classname="tests.evidence.test_case_study.StageIAnchorPipelineTest" name="test_anchor_pipeline_supports_warn_only_filter" time="0.042" /><testcase classname="tests.evidence.test_downstream_application_pack" name="test_downstream_evidence_pack_builds_separated_chinese_figures" time="1.782" /><testcase classname="tests.evidence.test_downstream_application_pack" name="test_dingxin_transfer_delta_is_matched_and_direction_aware" time="0.009" /><testcase classname="tests.evidence.test_metric_calibration.StageIMetricCalibrationTest" name="test_delta_direction_positive_means_p37_better" time="0.011" /><testcase classname="tests.evidence.test_metric_calibration.StageIMetricCalibrationTest" name="test_resume_command_and_status" time="0.000" /><testcase classname="tests.evidence.test_metric_calibration.StageIMetricCalibrationTest" name="test_t1_class_weights_use_train_fold_labels" time="0.001" /><testcase classname="tests.evidence.test_model_reevaluation.StageIOptimizedReevaluationTest" name="test_delta_direction_positive_means_optimized_better" time="0.241" /><testcase classname="tests.evidence.test_multitask_sweep.StageIMultitaskSweepTest" name="test_multitask_sweep_runtime_budget_guard_blocks_before_first_child" time="0.024" /><testcase classname="tests.evidence.test_multitask_sweep.StageIMultitaskSweepTest" name="test_multitask_sweep_writes_partial_summary_and_resume_avoids_rerun" time="0.205" /><testcase classname="tests.evidence.test_multitask_sweep.StageIMultitaskSweepTest" name="test_multitask_sweep_writes_summary_table_and_report" time="0.367" /><testcase classname="tests.evidence.test_rotation_audit.StageIRotationAuditTest" name="test_rotation_audit_refreshes_yaw_mapping_and_writes_report" time="0.019" /><testcase classname="tests.evidence.test_runner.StageIEvidenceRunnerTest" name="test_evidence_runner_keeps_partial_manifest_on_failure" time="0.018" /><testcase classname="tests.evidence.test_runner.StageIEvidenceRunnerTest" name="test_evidence_runner_records_existing_outputs" time="0.007" /><testcase classname="tests.evidence.test_selected_model_summary.StageIOptimizedModelSummaryTest" name="test_summary_collects_metrics_gates_gpu_and_resume" time="0.165" /><testcase classname="tests.evidence.test_support.StageISupportTest" name="test_run_task_eval_support_writes_summary_matrix_and_reports" time="0.376" /><testcase classname="tests.evidence.test_support.StageIMidtermEvidenceTest" name="test_run_task_eval_midterm_evidence_writes_manifest_metrics_figures_and_audit" time="0.545" /><testcase classname="tests.evidence.test_thesis_materials.StageIThesisMaterialsDataTest" name="test_default_sources_point_to_current_leakage_safe_materials" time="0.001" /><testcase classname="tests.evidence.test_thesis_materials.StageIThesisMaterialsDataTest" name="test_llm_and_transfer_rows_preserve_boundary_language" time="0.001" /><testcase classname="tests.evidence.test_thesis_materials.StageIThesisMaterialsDataTest" name="test_private_component_rows_keep_task_direction_and_normalized_delta" time="0.001" /><testcase classname="tests.evidence.test_thesis_materials.StageIThesisMaterialsDataTest" name="test_rotation_rows_use_availability_matrix_for_missing_rates" time="0.000" /><testcase classname="tests.evidence.test_thesis_materials.StageIThesisMaterialsDataTest" name="test_runtime_payload_schema_distinguishes_native_and_canonical" time="0.000" /><testcase classname="tests.evidence.test_thesis_materials.StageIThesisMaterialsDataTest" name="test_runtime_semantic_case_rows_copy_case_values" time="0.000" /><testcase classname="tests.evidence.test_thesis_materials.StageIThesisMaterialsDataTest" name="test_runtime_service_flow_rows_describe_four_report_steps" time="0.000" /><testcase classname="tests.evidence.test_thesis_materials.StageIThesisMaterialsDataTest" name="test_table_contract_includes_required_outputs" time="0.001" /><testcase classname="tests.evidence.test_thesis_protocol_snapshot.StageIThesisProtocolTest" name="test_protocol_freeze_writes_registry_matrix_summary_and_boundaries" time="0.028" /><testcase classname="tests.feature_export.test_export.StageHProfileResolverTest" name="test_resolver_returns_dual_pilot_and_single_pilot_profiles" time="0.001" /><testcase classname="tests.feature_export.test_export.StageHExportConfigTest" name="test_inference_only_requires_checkpoint_path" time="0.001" /><testcase classname="tests.feature_export.test_export.StageHExportConfigTest" name="test_preview_profile_resolves_default_point_limit_guard" time="0.000" /><testcase classname="tests.feature_export.test_export.StageHExportConfigTest" name="test_report_renders_warn_diagnostic_reasons" time="0.005" /><testcase classname="tests.feature_export.test_export.StageHExportConfigTest" name="test_validation_profile_can_run_without_point_caps" time="0.001" /><testcase classname="tests.feature_export.test_export.StageHExportPipelineTest" name="test_dual_pilot_sortie_exports_two_views" time="0.015" /><testcase classname="tests.feature_export.test_export.StageHExportPipelineTest" name="test_feature_bundle_uses_fixed_keys_without_stage_g" time="0.010" /><testcase classname="tests.feature_export.test_export.StageHExportPipelineTest" name="test_pipeline_records_backbone_inference_lineage_in_manifests" time="0.006" /><testcase classname="tests.feature_export.test_export.StageHExportPipelineTest" name="test_pipeline_writes_feature_export_artifacts_and_report" time="0.014" /><testcase classname="tests.feature_export.test_export.PartialDataBuilderTest" name="test_influx_vehicle_provider_rejects_manifest_only_seed_scope" time="0.001" /><testcase classname="tests.feature_export.test_export.PartialDataBuilderTest" name="test_influx_vehicle_provider_uses_partial_entry_scope" time="0.001" /><testcase classname="tests.feature_export.test_export.PartialDataBuilderTest" name="test_seed_partial_data_entry_is_concrete" time="0.008" /><testcase classname="tests.feature_export.test_export.PartialDataBuilderTest" name="test_validation_pipeline_writes_three_views_and_built_partial_sidecar" time="0.022" /><testcase classname="tests.feature_export.test_export.PartialDataBuilderTest" name="test_vehicle_only_builder_caps_each_field_to_32_points_per_window" time="0.002" /><testcase classname="tests.feature_export.test_export.PartialDataBuilderTest" name="test_vehicle_only_builder_filters_realbus_fields_and_records_skips" time="0.024" /><testcase classname="tests.feature_export.test_export.PartialDataBuilderTest" name="test_vehicle_only_partial_entry_builds_single_stream_artifacts" time="0.028" /><testcase classname="tests.llm_preprocessing.test_comparison.StageILLMComparisonTest" name="test_comparison_writes_required_outputs_and_preserves_labels" time="0.033" /><testcase classname="tests.llm_preprocessing.test_preprocessing.StageILLMPreprocessingTest" name="test_downstream_helpers_keep_llm_context_optional_and_whitelisted" time="0.001" /><testcase classname="tests.llm_preprocessing.test_preprocessing.StageILLMPreprocessingTest" name="test_large_payloads_are_sliced_and_merged_locally" time="0.034" /><testcase classname="tests.llm_preprocessing.test_preprocessing.StageILLMPreprocessingTest" name="test_mock_provider_writes_context_and_downstream_summaries" time="0.026" /><testcase classname="tests.llm_preprocessing.test_preprocessing.StageILLMPreprocessingTest" name="test_prompt_declares_agent_protocol_and_local_gates" time="0.001" /><testcase classname="tests.llm_preprocessing.test_preprocessing.StageILLMPreprocessingTest" name="test_provider_failure_is_recorded_as_expected_failure" time="0.007" /><testcase classname="tests.llm_preprocessing.test_preprocessing.StageILLMPreprocessingTest" name="test_schema_repair_retries_invalid_local_output" time="0.007" /><testcase classname="tests.modeling.fusion_encoders.test_alignment_bridge" name="test_alignment_bridge_coalesces_sparse_fields_at_same_timestamp" time="0.002" /><testcase classname="tests.modeling.fusion_encoders.test_alignment_bridge" name="test_alignment_bridge_averages_duplicate_feature_values_at_one_timestamp" time="0.001" /><testcase classname="tests.modeling.fusion_encoders.test_causal_query" name="test_causal_query_uses_latest_feature_observation_and_stable_duplicate_order" time="0.001" /><testcase classname="tests.modeling.fusion_encoders.test_causal_query" name="test_future_observation_change_does_not_change_past_query_values" time="0.002" /><testcase classname="tests.modeling.fusion_encoders.test_causal_query" name="test_causal_contiformer_attention_blocks_future_query_leakage" time="0.004" /><testcase classname="tests.modeling.fusion_encoders.test_causal_query" name="test_vectorized_causal_query_matches_feature_loop_and_value_gradients" time="0.002" /><testcase classname="tests.modeling.fusion_encoders.test_chronaris_continuous" name="test_continuous_encoder_is_causal_and_traces_real_ode_updates" time="0.014" /><testcase classname="tests.modeling.fusion_encoders.test_chronaris_continuous" name="test_max_ode_step_is_checkpointed_without_changing_default" time="0.000" /><testcase classname="tests.modeling.fusion_encoders.test_chronaris_continuous" name="test_learnable_semantic_queries_only_modify_safe_cross_branch_and_are_causal[legacy_cosine]" time="0.053" /><testcase classname="tests.modeling.fusion_encoders.test_chronaris_continuous" name="test_learnable_semantic_queries_only_modify_safe_cross_branch_and_are_causal[cosine_temperature]" time="0.053" /><testcase classname="tests.modeling.fusion_encoders.test_chronaris_continuous" name="test_learnable_semantic_queries_only_modify_safe_cross_branch_and_are_causal[projected_dot_product]" time="0.054" /><testcase classname="tests.modeling.fusion_encoders.test_chronaris_continuous" name="test_no_continuous_evolution_is_a_real_path_ablation" time="0.016" /><testcase classname="tests.modeling.fusion_encoders.test_chronaris_continuous" name="test_no_single_stream_bypass_zeroes_only_private_branches" time="0.017" /><testcase classname="tests.modeling.fusion_encoders.test_chronaris_continuous" name="test_physics_status_distinguishes_active_disabled_and_unavailable" time="0.016" /><testcase classname="tests.modeling.fusion_encoders.test_chronaris_continuous" name="test_task_independent_fast_path_preserves_sequence_and_gradients" time="0.025" /><testcase classname="tests.modeling.fusion_encoders.test_chronaris_continuous" name="test_fixed_ablation_matrix_changes_only_declared_mechanisms" time="0.000" /><testcase classname="tests.modeling.fusion_encoders.test_chronaris_continuous" name="test_chronaris_checkpoint_round_trip" time="0.023" /><testcase classname="tests.modeling.fusion_encoders.test_deep_baselines" name="test_deep_baselines_are_task_head_free_fixed_shape_and_future_invariant[mult]" time="0.020" /><testcase classname="tests.modeling.fusion_encoders.test_deep_baselines" name="test_deep_baselines_are_task_head_free_fixed_shape_and_future_invariant[contiformer]" time="0.008" /><testcase classname="tests.modeling.fusion_encoders.test_deep_baselines" name="test_deep_baselines_respond_to_each_historical_stream[mult]" time="0.025" /><testcase classname="tests.modeling.fusion_encoders.test_deep_baselines" name="test_deep_baselines_respond_to_each_historical_stream[contiformer]" time="0.009" /><testcase classname="tests.modeling.fusion_encoders.test_deep_baselines" name="test_deep_baseline_checkpoint_round_trip[mult]" time="0.048" /><testcase classname="tests.modeling.fusion_encoders.test_deep_baselines" name="test_deep_baseline_checkpoint_round_trip[contiformer]" time="0.016" /><testcase classname="tests.modeling.fusion_encoders.test_deep_baselines" name="test_vendored_mult_padding_mask_blocks_masked_key_values" time="0.002" /><testcase classname="tests.modeling.fusion_encoders.test_event_extraction_vectorized" name="test_vectorized_events_match_scalar_outputs_and_gradients[cpu]" time="0.022" /><testcase classname="tests.modeling.fusion_encoders.test_event_extraction_vectorized" name="test_vectorized_events_match_scalar_outputs_and_gradients[cuda]" time="0.193" /><testcase classname="tests.modeling.fusion_encoders.test_multiscale_causal" name="test_seconds_lag_boundaries_are_non_overlapping" time="0.001" /><testcase classname="tests.modeling.fusion_encoders.test_multiscale_causal" name="test_causal_mask_excludes_future_but_ablation_sees_it" time="0.001" /><testcase classname="tests.modeling.fusion_encoders.test_multiscale_causal" name="test_gate_normalizes_only_over_available_scales" time="0.002" /><testcase classname="tests.modeling.fusion_encoders.test_multiscale_causal" name="test_empty_windows_produce_zero_context_and_weights" time="0.001" /><testcase classname="tests.modeling.fusion_encoders.test_naive_sync" name="test_naive_sync_fits_normalizer_and_pca_on_train_sample_only" time="0.003" /><testcase classname="tests.modeling.fusion_encoders.test_naive_sync" name="test_naive_sync_produces_fixed_representation_and_valid_mean_pooling" time="0.004" /><testcase classname="tests.modeling.fusion_encoders.test_naive_sync" name="test_naive_sync_future_change_does_not_change_past_queries" time="0.005" /><testcase classname="tests.modeling.fusion_encoders.test_naive_sync" name="test_naive_sync_checkpoint_round_trips_projection_arrays" time="0.007" /><testcase classname="tests.modeling.fusion_encoders.test_naive_sync" name="test_naive_sync_batch_provider_matches_materialized_fit" time="0.005" /><testcase classname="tests.modeling.fusion_encoders.test_naive_sync" name="test_naive_prefix_masks_pooling_and_legacy_checkpoint_semantics" time="0.010" /><testcase classname="tests.modeling.fusion_encoders.test_safe_lag_fusion" name="test_safe_lag_forward_shape_and_gate_init" time="0.003" /><testcase classname="tests.modeling.fusion_encoders.test_safe_lag_fusion" name="test_safe_lag_preserves_vehicle_info_via_bypass" time="0.005" /><testcase classname="tests.modeling.fusion_encoders.test_safe_lag_fusion" name="test_safe_lag_encoder_wires_and_is_causal" time="0.019" /><testcase classname="tests.modeling.fusion_encoders.test_safe_lag_fusion" name="test_scale_gate_entropy_regularization_is_bounded_scalar" time="0.001" /><testcase classname="tests.modeling.fusion_encoders.test_safe_lag_fusion" name="test_safe_lag_supports_ablation_matrix" time="0.000" /><testcase classname="tests.modeling.fusion_encoders.test_semantic_event" name="test_deterministic_semantic_queries_remain_parameter_free" time="0.001" /><testcase classname="tests.modeling.fusion_encoders.test_semantic_event" name="test_learnable_semantic_query_residual_receives_nonzero_gradient" time="0.002" /><testcase classname="tests.modeling.fusion_encoders.test_single_stream" name="test_two_single_stream_baselines_reuse_one_backbone_class" time="0.002" /><testcase classname="tests.modeling.fusion_encoders.test_single_stream" name="test_non_active_modality_change_does_not_affect_single_stream_output" time="0.008" /><testcase classname="tests.modeling.fusion_encoders.test_single_stream" name="test_single_stream_backbone_and_attention_are_future_invariant" time="0.007" /><testcase classname="tests.modeling.fusion_encoders.test_single_stream" name="test_single_stream_checkpoint_round_trips_model_and_train_only_transform" time="0.014" /><testcase classname="tests.modeling.fusion_encoders.test_v4_attention_candidates" name="test_attention_formula_gradients_and_missing_history_contract[legacy_cosine]" time="0.004" /><testcase classname="tests.modeling.fusion_encoders.test_v4_attention_candidates" name="test_attention_formula_gradients_and_missing_history_contract[cosine_temperature]" time="0.004" /><testcase classname="tests.modeling.fusion_encoders.test_v4_attention_candidates" name="test_attention_formula_gradients_and_missing_history_contract[projected_dot_product]" time="0.004" /><testcase classname="tests.modeling.fusion_encoders.test_v4_attention_candidates" name="test_reference_attention_has_no_new_parameters_and_keeps_existing_weights" time="0.004" /><testcase classname="tests.modeling.fusion_encoders.test_v4_causality" name="test_submicrosecond_future_is_not_rounded_into_visible_history[euler]" time="0.008" /><testcase classname="tests.modeling.fusion_encoders.test_v4_causality" name="test_submicrosecond_future_is_not_rounded_into_visible_history[analytic_decay]" time="0.006" /><testcase classname="tests.modeling.fusion_encoders.test_v4_causality" name="test_causal_event_bias_and_empty_history_ignore_future_values" time="0.001" /><testcase classname="tests.modeling.fusion_encoders.test_v4_causality" name="test_semantic_pool_ignores_padding_and_does_not_invent_empty_events" time="0.002" /><testcase classname="tests.modeling.fusion_encoders.test_v4_causality" name="test_each_missing_fusion_branch_is_zero" time="0.003" /><testcase classname="tests.modeling.fusion_encoders.test_v4_nonfinite_outputs" name="test_valid_output_nonfinite_raises_but_unobserved_padding_is_zero[physiology_only]" time="0.005" /><testcase classname="tests.modeling.fusion_encoders.test_v4_nonfinite_outputs" name="test_valid_output_nonfinite_raises_but_unobserved_padding_is_zero[vehicle_only]" time="0.004" /><testcase classname="tests.modeling.fusion_encoders.test_v4_nonfinite_outputs" name="test_valid_output_nonfinite_raises_but_unobserved_padding_is_zero[mult]" time="0.012" /><testcase classname="tests.modeling.fusion_encoders.test_v4_nonfinite_outputs" name="test_valid_output_nonfinite_raises_but_unobserved_padding_is_zero[contiformer]" time="0.004" /><testcase classname="tests.modeling.fusion_encoders.test_v4_nonfinite_outputs" name="test_valid_output_nonfinite_raises_but_unobserved_padding_is_zero[chronaris]" time="0.008" /><testcase classname="tests.modeling.fusion_encoders.test_v4_physics" name="test_physics_restores_units_and_rejects_zero_information_via_same_output_anchor" time="0.002" /><testcase classname="tests.modeling.fusion_encoders.test_v4_quality_gate" name="test_native_quality_matches_visible_field_seconds_and_ignores_future_support" time="0.066" /><testcase classname="tests.modeling.fusion_encoders.test_v4_window_pairing" name="test_native_time_bins_exclude_future_and_empty_windows_clear_projection_bias" time="0.001" /><testcase classname="tests.modeling.fusion_encoders.test_v4_window_pairing" name="test_pairing_ends_remain_independent_even_when_event_fusion_is_enabled" time="0.043" /><testcase classname="tests.modeling.fusion_encoders.test_v4_window_pairing" name="test_independent_pair_loss_uses_all_actual_batch_negatives_and_marks_unavailable" time="0.002" /><testcase classname="tests.modeling.test_deep_pipeline.StageISequenceContractTest" name="test_balanced_class_path_uses_prior_logit_adjustment_without_weighted_loss" time="0.001" /><testcase classname="tests.modeling.test_deep_pipeline.StageISequenceContractTest" name="test_regression_prediction_sanitizer_replaces_nonfinite_values" time="0.001" /><testcase classname="tests.modeling.test_deep_pipeline.StageISequenceContractTest" name="test_sequence_bundle_loader_validates_required_keys" time="0.002" /><testcase classname="tests.modeling.test_deep_pipeline.StageISequenceContractTest" name="test_sequence_bundle_round_trip" time="0.003" /><testcase classname="tests.modeling.test_deep_pipeline.StageISequenceContractTest" name="test_sequence_entry_jsonl_round_trip" time="0.001" /><testcase classname="tests.modeling.test_deep_pipeline.StageIRealSortieSequenceTest" name="test_prepare_real_sortie_sequences_keeps_three_views_and_37_windows" time="0.065" /><testcase classname="tests.modeling.test_deep_pipeline.StageIRealSortieSequenceTest" name="test_real_sortie_baseline_smoke_runs_for_mult_and_contiformer" time="0.411" /><testcase classname="tests.modeling.test_deep_pipeline.StageIPublicSequencePreparationTest" name="test_chronaris_public_fusion_runs_on_synthetic_uab_and_nasa" time="1.115" /><testcase classname="tests.modeling.test_deep_pipeline.StageIPublicSequencePreparationTest" name="test_live_nasa_sequence_preserves_benchmark_loft_and_background" time="0.001"><skipped type="pytest.skip" message="live NASA sequence test disabled">/home/wangminan/projects/chronaris/tests/modeling/test_deep_pipeline.py:408: live NASA sequence test disabled</skipped></testcase><testcase classname="tests.modeling.test_deep_pipeline.StageIPublicSequencePreparationTest" name="test_live_uab_sequence_counts_preserve_window_profile" time="0.000"><skipped type="pytest.skip" message="live UAB sequence test disabled">/home/wangminan/projects/chronaris/tests/modeling/test_deep_pipeline.py:397: live UAB sequence test disabled</skipped></testcase><testcase classname="tests.modeling.test_deep_pipeline.StageIPublicSequencePreparationTest" name="test_prepare_uab_and_nasa_sequences_on_synthetic_data" time="0.232" /><testcase classname="tests.modeling.test_deep_pipeline.StageIPublicSequencePreparationTest" name="test_public_deep_baseline_supports_cuda_runtime" time="0.847" /><testcase classname="tests.modeling.test_deep_pipeline.StageIPublicSequencePreparationTest" name="test_public_fusion_wrapper_marks_second_stream_as_context_proxy" time="0.005" /><testcase classname="tests.modeling.test_deep_pipeline.StageIDeepComparisonPipelineTest" name="test_prepare_baseline_and_comparison_pipeline" time="2.531" /><testcase classname="tests.modeling.test_deep_pipeline.StageIPrivateBenchmarkPipelineTest" name="test_private_benchmark_rejects_dirty_e_run_contract" time="0.016" /><testcase classname="tests.modeling.test_deep_pipeline.StageIPrivateBenchmarkPipelineTest" name="test_private_benchmark_rejects_view_mismatch" time="0.018" /><testcase classname="tests.modeling.test_deep_pipeline.StageIPrivateBenchmarkPipelineTest" name="test_private_benchmark_runs_on_synthetic_feature_export_assets" time="1.166" /><testcase classname="tests.modeling.test_deep_pipeline.StageIPrivateBenchmarkPipelineTest" name="test_public_fusion_screen_require_cuda_fails_before_candidates_on_cpu" time="0.004" /><testcase classname="tests.modeling.test_deep_pipeline.StageIPrivateBenchmarkPipelineTest" name="test_public_fusion_screen_runs_on_cuda_with_synthetic_assets" time="1.046" /><testcase classname="tests.modeling.test_gpu_runtime.StageIGPURuntimeTest" name="test_amp_smoke_forward_backward_on_cuda" time="0.471" /><testcase classname="tests.modeling.test_gpu_runtime.StageIGPURuntimeTest" name="test_auto_batch_size_falls_back_on_simulated_oom" time="0.002" /><testcase classname="tests.modeling.test_gpu_runtime.StageIGPURuntimeTest" name="test_optimization_summary_schema_validation" time="0.000" /><testcase classname="tests.modeling.test_gpu_runtime.StageIGPURuntimeTest" name="test_prepare_fold_tensors_does_not_mutate_split_ids" time="0.001" /><testcase classname="tests.modeling.test_gpu_runtime.StageIGPURuntimeTest" name="test_resume_completed_fold_filter" time="0.000" /><testcase classname="tests.modeling.test_gpu_runtime.StageIGPURuntimeTest" name="test_tensor_cache_modes_preserve_batch_shapes" time="0.001" /><testcase classname="tests.modeling.test_gpu_runtime.StageIGPURuntimeTest" name="test_tensor_cache_stats_use_train_indices_only" time="0.000" /><testcase classname="tests.modeling.test_multitask_train.StageIMultitaskTrainTest" name="test_multitask_train_runs_end_to_end_and_writes_artifacts" time="0.042" /><testcase classname="tests.modeling.test_multitask_train.StageIMultitaskTrainTest" name="test_real_task_builder_separates_thesis_weak_label_tasks" time="0.019" /><testcase classname="tests.modeling.test_reference_sampling_vectorization" name="test_vectorized_reference_sampling_matches_legacy_output_and_gradients" time="0.006" /><testcase classname="tests.modeling.test_reference_sampling_vectorization" name="test_masked_euler_substeps_match_manual_updates_and_keep_gradients_finite" time="0.002" /><testcase classname="tests.modeling.test_reference_sampling_vectorization" name="test_batched_observation_update_matches_rowwise_output_and_gradients" time="0.002" /><testcase classname="tests.modeling.test_reference_sampling_vectorization" name="test_batched_observation_diagnostics_match_pointwise_output_and_gradients" time="0.005" /><testcase classname="tests.modeling.training.test_candidate_screen" name="test_periodic_heartbeat_runs_while_a_batch_is_busy" time="0.026" /><testcase classname="tests.modeling.training.test_candidate_screen" name="test_candidate_screen_early_stopping_checkpoint_is_loadable" time="0.156" /><testcase classname="tests.modeling.training.test_candidate_screen" name="test_candidate_ranking_uses_within_method_min_max_and_parameter_tie_break" time="0.000" /><testcase classname="tests.modeling.training.test_candidate_screen" name="test_candidate_screen_resumes_running_last_checkpoint_from_next_epoch" time="0.220" /><testcase classname="t
[...]
ty_dropout_never_removes_the_other_stream" time="0.002" /><testcase classname="tests.representation.test_augmentation_apply" name="test_query_sources_map_back_to_original_observation_rows" time="0.002" /><testcase classname="tests.representation.test_augmentation_apply" name="test_pretext_targets_use_exact_removed_query_sources" time="0.004" /><testcase classname="tests.representation.test_augmentation_apply" name="test_lag_discrimination_shift_is_id_derived_and_keeps_stream_contract" time="0.002" /><testcase classname="tests.representation.test_augmentation_apply" name="test_explicit_time_shift_builds_all_five_classes_including_zero" time="0.003" /><testcase classname="tests.representation.test_contracts" name="test_collator_preserves_raw_time_mask_age_and_fixed_query_contract" time="0.001" /><testcase classname="tests.representation.test_contracts" name="test_collator_rejects_schema_mismatch" time="0.001" /><testcase classname="tests.representation.test_contracts" name="test_fusion_contract_requires_valid_mask_mean_pooling" time="0.001" /><testcase classname="tests.representation.test_contracts" name="test_unobserved_contract_keeps_samples_and_rejects_nonzero_values" time="0.006" /><testcase classname="tests.representation.test_contracts" name="test_method_alignment_rejects_query_or_sample_drift" time="0.003" /><testcase classname="tests.representation.test_contracts" name="test_fusion_contract_rejects_non_64_dimensional_output" time="0.001" /><testcase classname="tests.representation.test_loaders" name="test_simulation_loader_accepts_only_observed_archive_and_slices_context" time="0.023" /><testcase classname="tests.representation.test_loaders" name="test_simulation_loader_fails_closed_on_oracle_injection" time="0.002" /><testcase classname="tests.representation.test_loaders" name="test_dingxin_loader_builds_common_schema_and_excludes_label_source" time="0.008" /><testcase classname="tests.representation.test_normalization" name="test_exact_native_quantiles_beyond_torch_size_limit_keep_boundary_observations" time="0.593" /><testcase classname="tests.representation.test_normalization" name="test_robust_normalizer_fits_only_explicit_train_samples" time="0.003" /><testcase classname="tests.representation.test_normalization" name="test_robust_normalizer_rejects_held_out_fit_overlap" time="0.001" /><testcase classname="tests.representation.test_normalization" name="test_robust_normalizer_batch_provider_matches_materialized_fit" time="0.003" /><testcase classname="tests.representation.test_normalization" name="test_pca_ignores_held_out_extreme_values_and_zero_pads_to_64" time="0.001" /><testcase classname="tests.representation.test_normalization" name="test_pca_rejects_train_test_overlap" time="0.001" /><testcase classname="tests.representation.test_oof_export" name="test_checkpoint_registry_round_trips_and_verifies_hash" time="0.002" /><testcase classname="tests.representation.test_oof_export" name="test_checkpoint_registry_detects_mutated_checkpoint" time="0.002" /><testcase classname="tests.representation.test_oof_export" name="test_checkpoint_registry_requires_explicit_replace" time="0.002" /><testcase classname="tests.representation.test_oof_export" name="test_resumable_oof_export_reuses_only_valid_complete_output" time="0.010" /><testcase classname="tests.representation.test_oof_export" name="test_oof_export_rejects_train_sample_on_held_out_checkpoint" time="0.002" /><testcase classname="tests.representation.test_oof_export" name="test_fusion_manifest_rejects_prediction_or_diagnostic_injection" time="0.006" /><testcase classname="tests.representation.test_oof_export" name="test_oof_coverage_rejects_duplicates_or_omissions" time="0.005" /><testcase classname="tests.representation.test_oof_export" name="test_resumable_oof_export_accepts_lazy_batch_provider" time="0.010" /><testcase classname="tests.representation.test_oof_export" name="test_lazy_export_accepts_explicit_target_free_catalog" time="0.008" /><testcase classname="tests.representation.test_temporal_coalescing" name="test_feature_age_preserves_missing_features_and_repeated_timestamps" time="0.001" /><testcase classname="tests.representation.test_temporal_coalescing" name="test_temporal_coalescing_uses_last_event_time_without_future_advance" time="0.002" /><testcase classname="tests.representation.test_temporal_coalescing" name="test_temporal_coalescing_preserves_missing_modality_as_one_padded_row" time="0.002" /><testcase classname="tests.representation.test_temporal_coalescing" name="test_dingxin_model_input_contract_is_created_and_reused" time="0.002" /><testcase classname="tests.representation.test_temporal_coalescing" name="test_dingxin_model_input_contract_rejects_legacy_checkpoint" time="0.002" /><testcase classname="tests.representation.test_temporal_coalescing" name="test_future_prediction_input_contract_records_history_policy" time="0.001" /><testcase classname="tests.representation.test_v4_missingness_horizons" name="test_fixed_missingness_mixture_distribution_and_exact_clean_branch" time="0.412" /><testcase classname="tests.representation.test_v4_missingness_horizons" name="test_prediction_targets_use_actual_seconds_and_original_window_boundary" time="0.076" /><testcase classname="tests.representation.test_v4_mixed_contexts" name="test_mixed_contexts_keep_their_own_clipping_and_shift_boundaries" time="0.004" /><testcase classname="tests.runtime.test_inference.StreamingWindowBufferTest" name="test_streaming_window_buffer_emits_incremental_windows" time="0.001" /><testcase classname="tests.runtime.test_inference.StreamingWindowBufferTest" name="test_streaming_window_buffer_tracks_out_of_order_points" time="0.000" /><testcase classname="tests.runtime.test_inference.StageIRuntimeInferenceTest" name="test_runtime_inference_batch_and_incremental_match_sample_count" time="0.069" /><testcase classname="tests.runtime.test_inference.StageIRuntimeInferenceTest" name="test_runtime_inference_loads_checkpoint_and_writes_predictions" time="0.067" /><testcase classname="tests.runtime.test_inference.StageIRuntimeInferenceTest" name="test_runtime_inference_strict_schema_rejects_feature_mismatch" time="0.024" /><testcase classname="tests.runtime.test_schema_contract.RuntimeSchemaContractTest" name="test_runtime_schema_contract_reports_native_gap_and_canonical_exact" time="0.043" /><testcase classname="tests.runtime.test_service_smoke.StageIRuntimeSmokeTest" name="test_runtime_service_smoke_records_native_aligned_and_canonical_exact" time="0.337" /><testcase classname="tests.runtime.test_service_smoke.StageIRuntimeSmokeTest" name="test_runtime_service_smoke_writes_outputs_and_error_cases" time="0.329" /><testcase classname="tests.simulation.test_aviation_dual_stream" name="test_generator_api_has_no_method_argument" time="0.001" /><testcase classname="tests.simulation.test_aviation_dual_stream" name="test_generator_is_seed_reproducible" time="0.075" /><testcase classname="tests.simulation.test_aviation_dual_stream" name="test_latent_trajectory_unchanged_across_observation_scenarios" time="0.039" /><testcase classname="tests.simulation.test_aviation_dual_stream" name="test_locked_stress_grid_has_frozen_single_factor_levels" time="0.000" /><testcase classname="tests.simulation.test_aviation_dual_stream" name="test_g1_g2_use_distinct_generation_paths" time="0.039" /><testcase classname="tests.simulation.test_aviation_dual_stream" name="test_ground_truth_clock_mapping_is_invertible" time="0.006" /><testcase classname="tests.simulation.test_aviation_dual_stream" name="test_maneuver_state_boundary_and_numeric_contracts" time="0.046" /><testcase classname="tests.simulation.test_aviation_dual_stream" name="test_missingness_matches_configuration" time="0.042" /><testcase classname="tests.simulation.test_aviation_dual_stream" name="test_deterministic_npz_and_model_loader_exclude_oracle" time="0.072" /><testcase classname="tests.simulation.test_aviation_dual_stream" name="test_profile_and_seed_split_is_disjoint" time="0.001" /><testcase classname="tests.simulation.test_aviation_dual_stream" name="test_smoke_benchmark_writes_paired_scenarios_and_resumes" time="0.298" /><testcase classname="tests.test_access_cli_overlap.TemporalParsingTest" name="test_attach_bus_timestamps_reserves_cross_day_logic" time="0.001" /><testcase classname="tests.test_access_cli_overlap.TemporalParsingTest" name="test_parse_bus_clock_time_preserves_milliseconds" time="0.000" /><testcase classname="tests.test_access_cli_overlap.TemporalParsingTest" name="test_parse_bus_clock_time_rejects_more_than_milliseconds" time="0.001" /><testcase classname="tests.test_access_cli_overlap.TemporalParsingTest" name="test_parse_physiology_timestamp_preserves_microseconds" time="0.001" /><testcase classname="tests.test_access_cli_overlap.InfluxCliTest" name="test_build_distinct_measurements_query_includes_tag_filters" time="0.000" /><testcase classname="tests.test_access_cli_overlap.InfluxCliTest" name="test_build_distinct_measurements_query_supports_multi_value_tag_filters" time="0.000" /><testcase classname="tests.test_access_cli_overlap.InfluxCliTest" name="test_build_flux_query_includes_measurement_and_tags" time="0.000" /><testcase classname="tests.test_access_cli_overlap.InfluxCliTest" name="test_build_flux_query_supports_multi_value_tag_filters" time="0.000" /><testcase classname="tests.test_access_cli_overlap.InfluxCliTest" name="test_parse_influx_annotated_csv_ignores_annotation_lines" time="0.000" /><testcase classname="tests.test_access_cli_overlap.InfluxCliTest" name="test_parse_influx_annotated_csv_supports_distinct_measurement_queries" time="0.000" /><testcase classname="tests.test_access_cli_overlap.InfluxCliTest" name="test_rows_to_raw_points_groups_fields_by_timestamp" time="0.001" /><testcase classname="tests.test_access_cli_overlap.InfluxProbeTest" name="test_fetch_measurement_time_bounds_reads_distinct_and_edges" time="0.001" /><testcase classname="tests.test_access_cli_overlap.OverlapPreviewLoaderTest" name="test_scoped_influx_point_reader_builds_fixed_measurement_queries" time="0.001" /><testcase classname="tests.test_access_metadata_live.LiveFactoryConfigTest" name="test_stage_b_live_loader_config_accepts_time_overrides" time="0.000" /><testcase classname="tests.test_access_metadata_live.LiveFactoryConfigTest" name="test_stage_b_live_loader_config_defaults_are_sane" time="0.000" /><testcase classname="tests.test_access_metadata_live.LiveReadersTest" name="test_physiology_reader_builds_collect_task_filter" time="0.000" /><testcase classname="tests.test_access_metadata_live.LiveReadersTest" name="test_physiology_reader_can_filter_multiple_pilot_ids" time="0.000" /><testcase classname="tests.test_access_metadata_live.LiveReadersTest" name="test_physiology_reader_can_query_specific_measurements" time="0.000" /><testcase classname="tests.test_access_metadata_live.LiveReadersTest" name="test_real_bus_reader_builds_measurement_and_sortie_filter" time="0.000" /><testcase classname="tests.test_access_metadata_live.MySQLMetadataTest" name="test_collect_task_reader_can_resolve_from_flight_task" time="0.001" /><testcase classname="tests.test_access_metadata_live.MySQLMetadataTest" name="test_parse_tsv_rowset_handles_headers_and_nulls" time="0.000" /><testcase classname="tests.test_access_metadata_live.MySQLMetadataTest" name="test_real_bus_context_reader_aggregates_business_metadata" time="0.001" /><testcase classname="tests.test_access_metadata_live.MySQLMetadataTest" name="test_sortie_metadata_reader_maps_joined_flight_task_row" time="0.000" /><testcase classname="tests.test_access_metadata_live.MySQLMetadataTest" name="test_storage_analysis_reader_lists_all_measurements_for_sortie" time="0.000" /><testcase classname="tests.test_access_metadata_live.PhysiologyContextTest" name="test_derive_context_can_fallback_to_collect_task_when_source_sortie_id_missing" time="0.000" /><testcase classname="tests.test_access_metadata_live.PhysiologyContextTest" name="test_derive_context_can_fallback_to_up_and_down_pilot_ids" time="0.000" /><testcase classname="tests.test_access_metadata_live.PhysiologyContextTest" name="test_derive_context_from_source_sortie_id" time="0.000" /><testcase classname="tests.test_access_metadata_live.PhysiologyContextTest" name="test_derive_context_prefers_collect_task_time_bounds" time="0.001" /><testcase classname="tests.test_access_metadata_live.RealBusContextTest" name="test_derive_real_bus_context_collects_selected_fields_and_flight_date" time="0.000" /><testcase classname="tests.test_access_metadata_live.RealBusContextTest" name="test_derive_real_bus_context_requires_flight_date" time="0.000" /><testcase classname="tests.test_access_metadata_live.RealBusContextTest" name="test_resolve_time_column_index_for_acmi_uses_fallback_time_column" time="0.000" /><testcase classname="tests.test_access_metadata_live.RealBusContextTest" name="test_resolve_time_column_index_for_bus_prefers_exact_message_time" time="0.000" /><testcase classname="tests.test_alignment_data.AlignmentBatchingRuntimeDisabledTest" name="test_numpy_runtime_disabled" time="0.000"><skipped type="pytest.skip" message="numpy runtime tests are disabled on this machine; enable in a suitable environment.">/home/wangminan/projects/chronaris/tests/test_alignment_data.py:90: numpy runtime tests are disabled on this machine; enable in a suitable environment.</skipped></testcase><testcase classname="tests.test_alignment_data.AlignmentReferenceGridTest" name="test_build_reference_grid_spans_full_window_when_include_end_is_true" time="0.000" /><testcase classname="tests.test_alignment_data.AlignmentReferenceGridTest" name="test_build_reference_grid_supports_single_reference_point" time="0.001" /><testcase classname="tests.test_alignment_data.AlignmentReferenceGridTest" name="test_build_reference_grid_uses_left_closed_spacing_when_include_end_is_false" time="0.000" /><testcase classname="tests.test_alignment_data.AlignmentReferenceGridTest" name="test_build_reference_grids_preserves_sample_order" time="0.000" /><testcase classname="tests.test_alignment_data.AlignmentSplitTest" name="test_split_config_rejects_invalid_ratio_sum" time="0.000" /><testcase classname="tests.test_alignment_data.AlignmentSplitTest" name="test_split_e0_samples_chronologically_reserves_gap_windows_between_partitions" time="0.000" /><testcase classname="tests.test_alignment_data.AlignmentSplitTest" name="test_split_e0_samples_chronologically_uses_default_15_5_5_shape_for_25_samples" time="0.001" /><testcase classname="tests.test_alignment_data.AlignmentSplitTest" name="test_split_rejects_gap_that_removes_all_usable_samples" time="0.001" /><testcase classname="tests.test_alignment_data.AlignmentTorchRuntimeDisabledTest" name="test_torch_runtime_disabled" time="0.000"><skipped type="pytest.skip" message="torch runtime tests are disabled on this machine; enable in a suitable environment.">/home/wangminan/projects/chronaris/tests/test_alignment_data.py:359: torch runtime tests are disabled on this machine; enable in a suitable environment.</skipped></testcase><testcase classname="tests.test_alignment_diagnostics.AlignmentDiagnosticsTest" name="test_render_alignment_projection_diagnostics_markdown_contains_table" time="0.000" /><testcase classname="tests.test_alignment_diagnostics.AlignmentDiagnosticsTest" name="test_summarize_alignment_projection_diagnostics_returns_expected_values" time="0.000" /><testcase classname="tests.test_alignment_diagnostics.AlignmentDiagnosticsTest" name="test_threshold_evaluation_defaults_and_optional_min_cosine_gate" time="0.000" /><testcase classname="tests.test_alignment_model_losses.AlignmentLossesRuntimeDisabledTest" name="test_torch_runtime_disabled" time="0.000"><skipped type="pytest.skip" message="torch runtime tests are disabled on this machine; enable in a suitable environment.">/home/wangminan/projects/chronaris/tests/test_alignment_model_losses.py:571: torch runtime tests are disabled on this machine; enable in a suitable environment.</skipped></testcase><testcase classname="tests.test_alignment_model_losses.AlignmentLossScalingTest" name="test_relative_mse_reduces_cross_stream_scale_gap" time="0.001" /><testcase classname="tests.test_alignment_model_losses.AlignmentLossScalingTest" name="test_task_loss_breakdown_supports_classification_regression_and_retrieval" time="0.001" /><testcase classname="tests.test_alignment_model_losses.AlignmentPrototypeForwardRuntimeDisabledTest" name="test_torch_runtime_disabled" time="0.000"><skipped type="pytest.skip" message="torch runtime tests are disabled on this machine; enable in a suitable environment.">/home/wangminan/projects/chronaris/tests/test_alignment_model_losses.py:821: torch runtime tests are disabled on this machine; enable in a suitable environment.</skipped></testcase><testcase classname="tests.test_alignment_pipeline.AlignmentPreviewPipelineRuntimeDisabledTest" name="test_torch_runtime_disabled" time="0.000"><skipped type="pytest.skip" message="torch runtime tests are disabled on this machine; enable in a suitable environment.">/home/wangminan/projects/chronaris/tests/test_alignment_pipeline.py:359: torch runtime tests are disabled on this machine; enable in a suitable environment.</skipped></testcase><testcase classname="tests.test_alignment_pipeline.AlignmentExperimentPipelineRuntimeDisabledTest" name="test_torch_runtime_disabled" time="0.000"><skipped type="pytest.skip" message="torch runtime tests are disabled on this machine; enable in a suitable environment.">/home/wangminan/projects/chronaris/tests/test_alignment_pipeline.py:485: torch runtime tests are disabled on this machine; enable in a suitable environment.</skipped></testcase><testcase classname="tests.test_alignment_pipeline.AlignmentPreviewCheckpointTest" name="test_alignment_preview_checkpoint_supports_inference_only_export" time="0.050" /><testcase classname="tests.test_alignment_pipeline.AlignmentPreviewCheckpointTest" name="test_task_eval_backbone_train_writes_checkpoint_and_summary" time="0.033" /><testcase classname="tests.test_dataset_pipeline.DatasetBuilderTest" name="test_align_sortie_bundle_uses_earliest_observation_by_default" time="0.001" /><testcase classname="tests.test_dataset_pipeline.DatasetBuilderTest" name="test_builder_creates_windows_with_point_thresholds" time="0.000" /><testcase classname="tests.test_dataset_pipeline.DatasetBuilderTest" name="test_mixed_datetime_awareness_raises" time="0.000" /><testcase classname="tests.test_e0_input_pipeline.E0PreviewPipelineTest" name="test_pipeline_runs_end_to_end" time="0.001" /><testcase classname="tests.test_e0_input_pipeline.ExperimentInputTest" name="test_build_e0_experiment_samples_adapts_windows" time="0.000" /><testcase classname="tests.test_e0_input_pipeline.ExperimentInputTest" name="test_build_e0_experiment_samples_uses_stable_feature_space_across_windows" time="0.000" /><testcase classname="tests.test_e0_input_pipeline.ExperimentInputTest" name="test_build_numeric_stream_matrix_keeps_only_numeric_features" time="0.000" /><testcase classname="tests.test_local_store_settings" name="test_local_settings_precedence_and_address_policies" time="0.002" /><testcase classname="tests.test_repository_entrypoints" name="test_script_repository_roots" time="0.622" /><testcase classname="tests.test_repository_entrypoints" name="test_moved_cli_help_outside_checkout" time="1.992" /><testcase classname="tests.test_sortie_validation.SortieValidationTest" name="test_cross_stream_summary_reports_gap" time="0.001" /><testcase classname="tests.test_sortie_validation.SortieValidationTest" name="test_render_validation_markdown_contains_core_sections" time="0.000" /><testcase classname="tests.test_sortie_validation.SortieValidationTest" name="test_summarize_stream_groups_measurements" time="0.000" /><testcase classname="tests.test_sortie_validation.SortieValidationTest" name="test_validate_sortie_bundle_reports_window_trials" time="0.001" /></testsuite></testsuites>