<?xml version="1.0" encoding="utf-8"?><testsuites name="pytest tests"><testsuite name="pytest" errors="0" failures="0" skipped="0" tests="7" time="42.565" timestamp="2026-09-12T14:50:57.529211+08:00" hostname="DESKTOP-8RNE6N6"><testcase classname="tests.evaluation.application_tasks.test_development_comparison" name="test_comparison_is_complete_development_only_and_recent_budgets_cover_training" time="0.001" /><testcase classname="tests.evaluation.application_tasks.test_development_comparison" name="test_cuda_full_adapter_schedule_preserves_every_window_and_exact_last_step_resume" time="8.641" /><testcase classname="tests.evaluation.application_tasks.test_development_comparison" name="test_dispatch_reuse_rejects_model_or_budget_changes" time="0.022" /><testcase classname="tests.evaluation.application_tasks.test_development_comparison" name="test_cuda_actual_baseline_entry_trains_exports_and_fits_both_routes[physiology_only]" time="10.327"><properties><property name="real_baseline_summary" value="/tmp/chronaris-stage4-baseline-check-20260912/test_cuda_actual_baseline_entr0/physiology_only/clare/summary.json" /></properties></testcase><testcase classname="tests.evaluation.application_tasks.test_development_comparison" name="test_cuda_actual_baseline_entry_trains_exports_and_fits_both_routes[vehicle_only]" time="3.726"><properties><property name="real_baseline_summary" value="/tmp/chronaris-stage4-baseline-check-20260912/test_cuda_actual_baseline_entr1/vehicle_only/clare/summary.json" /></properties></testcase><testcase classname="tests.evaluation.application_tasks.test_development_comparison" name="test_cuda_actual_baseline_entry_trains_exports_and_fits_both_routes[mult]" time="5.521"><properties><property name="real_baseline_summary" value="/tmp/chronaris-stage4-baseline-check-20260912/test_cuda_actual_baseline_entr2/mult/clare/summary.json" /></properties></testcase><testcase classname="tests.evaluation.application_tasks.test_development_comparison" name="test_cuda_actual_baseline_entry_trains_exports_and_fits_both_routes[contiformer]" time="4.302"><properties><property name="real_baseline_summary" value="/tmp/chronaris-stage4-baseline-check-20260912/test_cuda_actual_baseline_entr3/contiformer/clare/summary.json" /></properties></testcase></testsuite></testsuites>